@SMS_FlyoutButton calls "TCM#00-01-03_p_#TCM-System"		'request to open this pdl
@SMS_FlyoutButton4 calls "TCM#00-01-02_p_#TCM-ExtSystem"		'request to open this pdl
@SMS_FlyoutButton1 calls "TCM#00-01-01_p_#TCM-MediaConditions"		'request to open this pdl
@SMS_FlyoutButton5 calls "TCM#00-01-04_p_#TCM-FunctionStop"		'request to open this pdl
@SMS_FlyoutButton2 calls "TCM_p_LocalPanel.pdl"		'request to open this pdl
@V3_SMS_Pb_PupNoModal(148+1) calls "TCM#00-01-08_p_#TCM-FunctionAndModes"		'request to open this pdl
@V3_SMS_Pb_woFb_PupNoModal(167+1)_Dn calls ""		'request to open this pdl
@LooperOpnPopup calls "SPL_p_Looper_Ens"		'request to open this pdl
@V3_SMS_Pb_PupNoModal(205+1)11 calls "TCM#25-07-01_p_#DevicesRollChangeStripPress"		'request to open this pdl
@V3_SMS_Pb_PupNoModal(205+1)5 calls "SYS#00-03-01_p_#AutoSeqDiag"		'request to open this pdl
@V3_SMS_Pb_PupNoModal(205+1)6 calls "SYS#00-03-01_p_#AutoSeqDiag"		'request to open this pdl
@SMS_FlyoutButton calls "TCM#00-01-03_p_#TCM-System"		'request to open this pdl
@SMS_FlyoutButton4 calls "TCM#00-01-02_p_#TCM-ExtSystem"		'request to open this pdl
@SMS_FlyoutButton1 calls "TCM#00-01-01_p_#TCM-MediaConditions"		'request to open this pdl
@SMS_FlyoutButton5 calls "TCM#00-01-04_p_#TCM-FunctionStop"		'request to open this pdl
@SMS_FlyoutButton2 calls "TCM_p_LocalPanel.pdl"		'request to open this pdl
@V3_SMS_Pb_PupNoModal(148+1) calls "TCM#00-01-08_p_#TCM-FunctionAndModes"		'request to open this pdl
@V3_SMS_Pb_woFb_PupNoModal(167+1)_Dn calls ""		'request to open this pdl
@LooperOpnPopup calls "SPL_p_Looper_Ens"		'request to open this pdl
@V3_SMS_Pb_PupNoModal(205+1)11 calls "TCM#25-07-01_p_#DevicesRollChangeStripPress"		'request to open this pdl
@V3_SMS_Pb_PupNoModal(205+1)5 calls "SYS#00-03-01_p_#AutoSeqDiag"		'request to open this pdl
@V3_SMS_Pb_PupNoModal(205+1)6 calls "SYS#00-03-01_p_#AutoSeqDiag"		'request to open this pdl
@SMS_FlyoutButton calls "TCM#00-01-03_p_#TCM-System"		'request to open this pdl
@SMS_FlyoutButton4 calls "TCM#00-01-02_p_#TCM-ExtSystem"		'request to open this pdl
@SMS_FlyoutButton1 calls "TCM#00-01-01_p_#TCM-MediaConditions"		'request to open this pdl
@SMS_FlyoutButton5 calls "TCM#00-01-04_p_#TCM-FunctionStop"		'request to open this pdl
@SMS_FlyoutButton2 calls "TCM_p_LocalPanel.pdl"		'request to open this pdl
@V3_SMS_Pb_PupNoModal(148+1) calls "TCM#00-01-08_p_#TCM-FunctionAndModes"		'request to open this pdl
@V3_SMS_Pb_woFb_PupNoModal(167+1)_Dn calls ""		'request to open this pdl
@LooperOpnPopup calls "SPL_p_Looper_Ens"		'request to open this pdl
@V3_SMS_Pb_PupNoModal(205+1)11 calls "TCM#25-07-01_p_#DevicesRollChangeStripPress"		'request to open this pdl
@V3_SMS_Pb_PupNoModal(205+1)5 calls "SYS#00-03-01_p_#AutoSeqDiag"		'request to open this pdl
@V3_SMS_Pb_PupNoModal(205+1)6 calls "SYS#00-03-01_p_#AutoSeqDiag"		'request to open this pdl
@SMS_FlyoutButton calls "TCM#00-01-03_p_#TCM-System"		'request to open this pdl
@SMS_FlyoutButton4 calls "TCM#00-01-02_p_#TCM-ExtSystem"		'request to open this pdl
@SMS_FlyoutButton1 calls "TCM#00-01-01_p_#TCM-MediaConditions"		'request to open this pdl
@SMS_FlyoutButton5 calls "TCM#00-01-04_p_#TCM-FunctionStop"		'request to open this pdl
@SMS_FlyoutButton2 calls "TCM_p_LocalPanel.pdl"		'request to open this pdl
@V3_SMS_Pb_PupNoModal(148+1) calls "TCM#00-01-08_p_#TCM-FunctionAndModes"		'request to open this pdl
@V3_SMS_Pb_woFb_PupNoModal(167+1)_Dn calls ""		'request to open this pdl
@LooperOpnPopup calls "SPL_p_Looper_Ens"		'request to open this pdl
@V3_SMS_Pb_PupNoModal(205+1)11 calls "TCM#25-07-01_p_#DevicesRollChangeStripPress"		'request to open this pdl
@V3_SMS_Pb_PupNoModal(205+1)5 calls "SYS#00-03-01_p_#AutoSeqDiag"		'request to open this pdl
@V3_SMS_Pb_PupNoModal(205+1)6 calls "SYS#00-03-01_p_#AutoSeqDiag"		'request to open this pdl
@SMS_FlyoutButton calls "TCM#00-01-03_p_#TCM-System"		'request to open this pdl
@SMS_FlyoutButton4 calls "TCM#00-01-02_p_#TCM-ExtSystem"		'request to open this pdl
@SMS_FlyoutButton1 calls "TCM#00-01-01_p_#TCM-MediaConditions"		'request to open this pdl
@SMS_FlyoutButton5 calls "TCM#00-01-04_p_#TCM-FunctionStop"		'request to open this pdl
@SMS_FlyoutButton2 calls "TCM_p_LocalPanel.pdl"		'request to open this pdl
@SMS_FlyoutButton calls "TCM#00-01-03_p_#TCM-System"		'request to open this pdl
@SMS_FlyoutButton4 calls "TCM#00-01-02_p_#TCM-ExtSystem"		'request to open this pdl
@SMS_FlyoutButton1 calls "TCM#00-01-01_p_#TCM-MediaConditions"		'request to open this pdl
@SMS_FlyoutButton5 calls "TCM#00-01-04_p_#TCM-FunctionStop"		'request to open this pdl
@SMS_FlyoutButton2 calls "TCM_p_LocalPanel.pdl"		'request to open this pdl
@V3_SMS_Pb_PupNoModal(148+1) calls "TCM#00-01-08_p_#TCM-FunctionAndModes"		'request to open this pdl
@V3_SMS_Pb_woFb_PupNoModal(167+1)_Dn calls ""		'request to open this pdl
@LooperOpnPopup calls "SPL_p_Looper_Ens"		'request to open this pdl
@V3_SMS_Pb_PupNoModal(205+1)11 calls "TCM#25-07-01_p_#DevicesRollChangeStripPress"		'request to open this pdl
@V3_SMS_Pb_PupNoModal(205+1)5 calls "SYS#00-03-01_p_#AutoSeqDiag"		'request to open this pdl
@V3_SMS_Pb_PupNoModal(205+1)6 calls "SYS#00-03-01_p_#AutoSeqDiag"		'request to open this pdl
@SMS_FlyoutButton calls "TCM#00-01-03_p_#TCM-System"		'request to open this pdl
@SMS_FlyoutButton4 calls "TCM#00-01-02_p_#TCM-ExtSystem"		'request to open this pdl
@SMS_FlyoutButton1 calls "TCM#00-01-01_p_#TCM-MediaConditions"		'request to open this pdl
@SMS_FlyoutButton5 calls "TCM#00-01-04_p_#TCM-FunctionStop"		'request to open this pdl
@SMS_FlyoutButton2 calls "TCM_p_LocalPanel.pdl"		'request to open this pdl
@V3_SMS_Pb_PupNoModal(148+1) calls "TCM#00-01-08_p_#TCM-FunctionAndModes"		'request to open this pdl
@V3_SMS_Pb_woFb_PupNoModal(167+1)_Dn calls ""		'request to open this pdl
@LooperOpnPopup calls "SPL_p_Looper_Ens"		'request to open this pdl
@V3_SMS_Pb_PupNoModal(205+1)11 calls "TCM#25-07-01_p_#DevicesRollChangeStripPress"		'request to open this pdl
@V3_SMS_Pb_PupNoModal(205+1)5 calls "SYS#00-03-01_p_#AutoSeqDiag"		'request to open this pdl
@V3_SMS_Pb_PupNoModal(205+1)6 calls "SYS#00-03-01_p_#AutoSeqDiag"		'request to open this pdl
@SMS_FlyoutButton calls "TCM#00-01-03_p_#TCM-System"		'request to open this pdl
@SMS_FlyoutButton4 calls "TCM#00-01-02_p_#TCM-ExtSystem"		'request to open this pdl
@SMS_FlyoutButton1 calls "TCM#00-01-01_p_#TCM-MediaConditions"		'request to open this pdl
@SMS_FlyoutButton5 calls "TCM#00-01-04_p_#TCM-FunctionStop"		'request to open this pdl
@SMS_FlyoutButton2 calls "TCM_p_LocalPanel.pdl"		'request to open this pdl
@V3_SMS_Pb_PupNoModal(148+1) calls "TCM#00-01-08_p_#TCM-FunctionAndModes"		'request to open this pdl
@V3_SMS_Pb_woFb_PupNoModal(167+1)_Dn calls ""		'request to open this pdl
@LooperOpnPopup calls "SPL_p_Looper_Ens"		'request to open this pdl
@V3_SMS_Pb_PupNoModal(205+1)11 calls "TCM#25-07-01_p_#DevicesRollChangeStripPress"		'request to open this pdl
@V3_SMS_Pb_PupNoModal(205+1)5 calls "SYS#00-03-01_p_#AutoSeqDiag"		'request to open this pdl
@V3_SMS_Pb_PupNoModal(205+1)6 calls "SYS#00-03-01_p_#AutoSeqDiag"		'request to open this pdl
@SMS_FlyoutButton calls "TCM#00-01-03_p_#TCM-System"		'request to open this pdl
@SMS_FlyoutButton4 calls "TCM#00-01-02_p_#TCM-ExtSystem"		'request to open this pdl
@SMS_FlyoutButton1 calls "TCM#00-01-01_p_#TCM-MediaConditions"		'request to open this pdl
@SMS_FlyoutButton5 calls "TCM#00-01-04_p_#TCM-FunctionStop"		'request to open this pdl
@SMS_FlyoutButton2 calls "TCM_p_LocalPanel.pdl"		'request to open this pdl
@V3_SMS_Pb_PupNoModal(148+1) calls "TCM#00-01-08_p_#TCM-FunctionAndModes"		'request to open this pdl
@SMS_FlyoutButton calls "TCM#00-01-03_p_#TCM-System"		'request to open this pdl
@SMS_FlyoutButton4 calls "TCM#00-01-02_p_#TCM-ExtSystem"		'request to open this pdl
@SMS_FlyoutButton1 calls "TCM#00-01-01_p_#TCM-MediaConditions"		'request to open this pdl
@SMS_FlyoutButton5 calls "TCM#00-01-04_p_#TCM-FunctionStop"		'request to open this pdl
@SMS_FlyoutButton2 calls "TCM_p_LocalPanel.pdl"		'request to open this pdl
@V3_SMS_Pb_PupNoModal(148+1) calls "TCM#00-01-08_p_#TCM-FunctionAndModes"		'request to open this pdl
@V3_SMS_Pb_woFb_PupNoModal(167+1)_Dn calls ""		'request to open this pdl
@LooperOpnPopup calls "SPL_p_Looper_Ens"		'request to open this pdl
@V3_SMS_Pb_PupNoModal(205+1)11 calls "TCM#25-07-01_p_#DevicesRollChangeStripPress"		'request to open this pdl
@V3_SMS_Pb_PupNoModal(205+1)5 calls "SYS#00-03-01_p_#AutoSeqDiag"		'request to open this pdl
@V3_SMS_Pb_PupNoModal(205+1)6 calls "SYS#00-03-01_p_#AutoSeqDiag"		'request to open this pdl
@SMS_FlyoutButton calls "TCM#00-01-03_p_#TCM-System"		'request to open this pdl
@SMS_FlyoutButton4 calls "TCM#00-01-02_p_#TCM-ExtSystem"		'request to open this pdl
@SMS_FlyoutButton1 calls "TCM#00-01-01_p_#TCM-MediaConditions"		'request to open this pdl
@SMS_FlyoutButton5 calls "TCM#00-01-04_p_#TCM-FunctionStop"		'request to open this pdl
@SMS_FlyoutButton2 calls "TCM_p_LocalPanel.pdl"		'request to open this pdl
@V3_SMS_Pb_PupNoModal(148+1) calls "TCM#00-01-08_p_#TCM-FunctionAndModes"		'request to open this pdl
@V3_SMS_Pb_woFb_PupNoModal(167+1)_Dn calls ""		'request to open this pdl
@LooperOpnPopup calls "SPL_p_Looper_Ens"		'request to open this pdl
@V3_SMS_Pb_PupNoModal(205+1)11 calls "TCM#25-07-01_p_#DevicesRollChangeStripPress"		'request to open this pdl
@V3_SMS_Pb_PupNoModal(205+1)5 calls "SYS#00-03-01_p_#AutoSeqDiag"		'request to open this pdl
@V3_SMS_Pb_PupNoModal(205+1)6 calls "SYS#00-03-01_p_#AutoSeqDiag"		'request to open this pdl
@SMS_FlyoutButton calls "TCM#00-01-03_p_#TCM-System"		'request to open this pdl
@SMS_FlyoutButton4 calls "TCM#00-01-02_p_#TCM-ExtSystem"		'request to open this pdl
@SMS_FlyoutButton1 calls "TCM#00-01-01_p_#TCM-MediaConditions"		'request to open this pdl
@SMS_FlyoutButton5 calls "TCM#00-01-04_p_#TCM-FunctionStop"		'request to open this pdl
@SMS_FlyoutButton2 calls "TCM_p_LocalPanel.pdl"		'request to open this pdl
@V3_SMS_Pb_PupNoModal(148+1) calls "TCM#00-01-08_p_#TCM-FunctionAndModes"		'request to open this pdl
@V3_SMS_Pb_woFb_PupNoModal(167+1)_Dn calls ""		'request to open this pdl
@LooperOpnPopup calls "SPL_p_Looper_Ens"		'request to open this pdl
@V3_SMS_Pb_PupNoModal(205+1)11 calls "TCM#25-07-01_p_#DevicesRollChangeStripPress"		'request to open this pdl
@V3_SMS_Pb_PupNoModal(205+1)5 calls "SYS#00-03-01_p_#AutoSeqDiag"		'request to open this pdl
@V3_SMS_Pb_PupNoModal(205+1)6 calls "SYS#00-03-01_p_#AutoSeqDiag"		'request to open this pdl
@SMS_FlyoutButton calls TCM#00-01-03_p_#TCM-System
@SMS_FlyoutButton4 calls TCM#00-01-02_p_#TCM-ExtSystem
@SMS_FlyoutButton1 calls TCM#00-01-01_p_#TCM-MediaConditions
@SMS_FlyoutButton5 calls TCM#00-01-04_p_#TCM-FunctionStop
@SMS_FlyoutButton2 calls TCM_p_LocalPanel.pdl
@V3_SMS_Pb_PupNoModal(148+1) calls TCM#00-01-08_p_#TCM-FunctionAndModes
@V3_SMS_Pb_woFb_PupNoModal(167+1)_Dn calls 
@LooperOpnPopup calls SPL_p_Looper_Ens
@V3_SMS_Pb_PupNoModal(205+1)11 calls TCM#25-07-01_p_#DevicesRollChangeStripPress
@V3_SMS_Pb_PupNoModal(205+1)5 calls SYS#00-03-01_p_#AutoSeqDiag
@V3_SMS_Pb_PupNoModal(205+1)6 calls SYS#00-03-01_p_#AutoSeqDiag
@SMS_FlyoutButton calls TCM#00-01-03_p_#TCM-System
@SMS_FlyoutButton4 calls TCM#00-01-02_p_#TCM-ExtSystem
@SMS_FlyoutButton1 calls TCM#00-01-01_p_#TCM-MediaConditions
@SMS_FlyoutButton5 calls TCM#00-01-04_p_#TCM-FunctionStop
@SMS_FlyoutButton2 calls TCM_p_LocalPanel.pdl
@V3_SMS_Pb_PupNoModal(148+1) calls TCM#00-01-08_p_#TCM-FunctionAndModes
@V3_SMS_Pb_woFb_PupNoModal(167+1)_Dn calls 
@LooperOpnPopup calls SPL_p_Looper_Ens
@V3_SMS_Pb_PupNoModal(205+1)11 calls TCM#25-07-01_p_#DevicesRollChangeStripPress
@V3_SMS_Pb_PupNoModal(205+1)5 calls SYS#00-03-01_p_#AutoSeqDiag
@V3_SMS_Pb_PupNoModal(205+1)6 calls SYS#00-03-01_p_#AutoSeqDiag
@SMS_FlyoutButton calls TCM#00-01-03_p_#TCM-System
@SMS_FlyoutButton4 calls TCM#00-01-02_p_#TCM-ExtSystem
@SMS_FlyoutButton1 calls TCM#00-01-01_p_#TCM-MediaConditions
@SMS_FlyoutButton5 calls TCM#00-01-04_p_#TCM-FunctionStop
@SMS_FlyoutButton2 calls TCM_p_LocalPanel.pdl
@V3_SMS_Pb_PupNoModal(148+1) calls TCM#00-01-08_p_#TCM-FunctionAndModes
@V3_SMS_Pb_woFb_PupNoModal(167+1)_Dn calls 
@LooperOpnPopup calls SPL_p_Looper_Ens
@V3_SMS_Pb_PupNoModal(205+1)11 calls TCM#25-07-01_p_#DevicesRollChangeStripPress
@V3_SMS_Pb_PupNoModal(205+1)5 calls SYS#00-03-01_p_#AutoSeqDiag
@V3_SMS_Pb_PupNoModal(205+1)6 calls SYS#00-03-01_p_#AutoSeqDiag
@SMS_FlyoutButton calls 
@SMS_FlyoutButton calls TCM#00-01-03_p_#TCM-System
@SMS_FlyoutButton4 calls 
@SMS_FlyoutButton4 calls TCM#00-01-02_p_#TCM-ExtSystem
@SMS_FlyoutButton1 calls 
@SMS_FlyoutButton1 calls TCM#00-01-01_p_#TCM-MediaConditions
@SMS_FlyoutButton5 calls 
@SMS_FlyoutButton5 calls TCM#00-01-04_p_#TCM-FunctionStop
@SMS_FlyoutButton2 calls 
@SMS_FlyoutButton2 calls TCM_p_LocalPanel.pdl
@V3_SMS_Pb_PupNoModal(148+1) calls 
@V3_SMS_Pb_PupNoModal(148+1) calls TCM#00-01-08_p_#TCM-FunctionAndModes
@V3_SMS_Pb_woFb_PupNoModal(167+1)_Dn calls 
@V3_SMS_Pb_woFb_PupNoModal(167+1)_Dn calls 
@LooperOpnPopup calls 
@LooperOpnPopup calls SPL_p_Looper_Ens
@V3_SMS_Pb_Fb_Action_(53+1)7 calls 
@V3_SMS_Pb_Fb_Action_(53+1)7 calls 
@V3_SMS_Pb_Fb_Action_(53+1)14 calls 
@V3_SMS_Pb_Fb_Action_(53+1)14 calls TCM#01-01-01_p_#TCM-OpenGaugeShutter
@V3_SMS_Pb_Fb_Action_(53+1)16 calls 
@V3_SMS_Pb_Fb_Action_(53+1)16 calls 
@V3_SMS_Pb_Fb_Action_(53+1)11 calls 
@V3_SMS_Pb_Fb_Action_(53+1)11 calls 
@V3_SMS_Pb_Fb_Action_(53+1)13 calls 
@V3_SMS_Pb_Fb_Action_(53+1)13 calls 
@V3_SMS_Pb_Fb_Action_(53+1)17 calls 
@V3_SMS_Pb_Fb_Action_(53+1)17 calls TCM#01-01-01_p_#TCM-OpenGaugeShutter
@V3_SMS_Pb_Fb_Action_(53+1)1 calls 
@V3_SMS_Pb_Fb_Action_(53+1)1 calls 
@V3_SMS_Pb_Fb_Action_(53+1)21 calls 
@V3_SMS_Pb_Fb_Action_(53+1)21 calls TCM#01-01-01_p_#TCM-OpenGaugeShutter
@V3_SMS_Pb_Fb_Action_(53+1)20 calls 
@V3_SMS_Pb_Fb_Action_(53+1)20 calls 
@V3_SMS_Pb_Fb_Action_(53+1)2 calls 
@V3_SMS_Pb_Fb_Action_(53+1)2 calls 
@V3_SMS_Pb_Fb_Action_(53+1)9 calls 
@V3_SMS_Pb_Fb_Action_(53+1)9 calls TCM#01-01-01_p_#TCM-OpenGaugeShutter
@V3_SMS_Pb_Fb_Action_(53+1)18 calls 
@V3_SMS_Pb_Fb_Action_(53+1)18 calls 
@V3_SMS_Pb_woFb_CallScreen_(91+1) calls 
@V3_SMS_Pb_woFb_CallScreen_(91+1) calls 
@V3_SMS_Pb_Fb_Action_(53+1) calls 
@V3_SMS_Pb_Fb_Action_(53+1) calls 
@V3_SMS_Pb_Fb_Action_(53+1)19 calls 
@V3_SMS_Pb_Fb_Action_(53+1)19 calls 
@V3_SMS_Pb_Fb_Action_(53+1)22 calls 
@V3_SMS_Pb_Fb_Action_(53+1)22 calls 
@Act_2 calls 
@SMS_FlyoutButton calls TCM#00-01-03_p_#TCM-System
@SMS_FlyoutButton4 calls TCM#00-01-02_p_#TCM-ExtSystem
@SMS_FlyoutButton1 calls TCM#00-01-01_p_#TCM-MediaConditions
@SMS_FlyoutButton5 calls TCM#00-01-04_p_#TCM-FunctionStop
@SMS_FlyoutButton2 calls TCM_p_LocalPanel.pdl
@V3_SMS_Pb_PupNoModal(148+1) calls TCM#00-01-08_p_#TCM-FunctionAndModes
@V3_SMS_Pb_woFb_PupNoModal(167+1)_Dn calls 
@LooperOpnPopup calls SPL_p_Looper_Ens
@V3_SMS_Pb_Fb_Action_(53+1)7 calls 
@V3_SMS_Pb_Fb_Action_(53+1)4 calls 
@V3_SMS_Pb_Fb_Action_(53+1)14 calls TCM#01-01-01_p_#TCM-OpenGaugeShutter
@V3_SMS_Pb_Fb_Action_(53+1)15 calls 
@V3_SMS_Pb_Fb_Action_(53+1)16 calls 
@V3_SMS_Pb_Fb_Action_(53+1)11 calls 
@V3_SMS_Pb_Fb_Action_(53+1)3 calls 
@V3_SMS_Pb_Fb_Action_(53+1)13 calls 
@V3_SMS_Pb_Fb_Action_(53+1)10 calls 
@V3_SMS_Pb_Fb_Action_(53+1)17 calls TCM#01-01-01_p_#TCM-OpenGaugeShutter
@V3_SMS_Pb_Fb_Action_(53+1)1 calls 
@V3_SMS_Pb_Fb_Action_(53+1)6 calls 
@V3_SMS_Pb_Fb_Action_(53+1)21 calls TCM#01-01-01_p_#TCM-OpenGaugeShutter
@V3_SMS_Pb_Fb_Action_(53+1)5 calls 
@V3_SMS_Pb_Fb_Action_(53+1)20 calls 
@V3_SMS_Pb_Fb_Action_(53+1)2 calls 
@V3_SMS_Pb_Fb_Action_(53+1)8 calls 
@V3_SMS_Pb_Fb_Action_(53+1)9 calls TCM#01-01-01_p_#TCM-OpenGaugeShutter
@V3_SMS_Pb_Fb_Action_(53+1)12 calls 
@V3_SMS_Pb_Fb_Action_(53+1)18 calls 
@V3_SMS_Pb_woFb_CallScreen_(91+1) calls 
@V3_SMS_Pb_Fb_Action_(53+1) calls 
@V3_SMS_Pb_Fb_Action_(53+1)19 calls 
@V3_SMS_Pb_Fb_Action_(53+1)22 calls 
@Act_2 calls TCM#01-01-60_e_#TCM-OverviewTCMProcessAbsClass3
@Act_1 calls TCM#01-01-61_e_#TCM-OverviewTCMProcessSpecClass3
@Act_3 calls TCM#01-01-62_e_#TCM-OverviewTCMProcessNumClass3
@Act_4 calls TCM#01-01-63_e_#TCM-OverviewTCMProcessStatus1Class3
@Act_2 calls 
@Act_1 calls 
@Act_3 calls 
@Act_4 calls 
@SMS_FlyoutButton calls TCM#00-01-03_p_#TCM-System
@SMS_FlyoutButton4 calls TCM#00-01-02_p_#TCM-ExtSystem
@SMS_FlyoutButton1 calls TCM#00-01-01_p_#TCM-MediaConditions
@SMS_FlyoutButton5 calls TCM#00-01-04_p_#TCM-FunctionStop
@SMS_FlyoutButton2 calls TCM_p_LocalPanel.pdl
@V3_SMS_Pb_PupNoModal(148+1) calls TCM#00-01-08_p_#TCM-FunctionAndModes
@V3_SMS_Pb_woFb_PupNoModal(167+1)_Dn calls 
@LooperOpnPopup calls SPL_p_Looper_Ens
@V3_SMS_Pb_Fb_Action_(53+1)7 calls 
@V3_SMS_Pb_Fb_Action_(53+1)4 calls 
@V3_SMS_Pb_Fb_Action_(53+1)14 calls TCM#01-01-01_p_#TCM-OpenGaugeShutter
@V3_SMS_Pb_Fb_Action_(53+1)15 calls 
@V3_SMS_Pb_Fb_Action_(53+1)16 calls 
@V3_SMS_Pb_Fb_Action_(53+1)11 calls 
@V3_SMS_Pb_Fb_Action_(53+1)3 calls 
@V3_SMS_Pb_Fb_Action_(53+1)13 calls 
@V3_SMS_Pb_Fb_Action_(53+1)10 calls 
@V3_SMS_Pb_Fb_Action_(53+1)17 calls TCM#01-01-01_p_#TCM-OpenGaugeShutter
@V3_SMS_Pb_Fb_Action_(53+1)1 calls 
@V3_SMS_Pb_Fb_Action_(53+1)6 calls 
@V3_SMS_Pb_Fb_Action_(53+1)21 calls TCM#01-01-01_p_#TCM-OpenGaugeShutter
@V3_SMS_Pb_Fb_Action_(53+1)5 calls 
@V3_SMS_Pb_Fb_Action_(53+1)20 calls 
@V3_SMS_Pb_Fb_Action_(53+1)2 calls 
@V3_SMS_Pb_Fb_Action_(53+1)8 calls 
@V3_SMS_Pb_Fb_Action_(53+1)9 calls TCM#01-01-01_p_#TCM-OpenGaugeShutter
@V3_SMS_Pb_Fb_Action_(53+1)12 calls 
@V3_SMS_Pb_Fb_Action_(53+1)18 calls 
@V3_SMS_Pb_woFb_CallScreen_(91+1) calls 
@V3_SMS_Pb_Fb_Action_(53+1) calls 
@V3_SMS_Pb_Fb_Action_(53+1)19 calls 
@V3_SMS_Pb_Fb_Action_(53+1)22 calls 
@Act_2 calls TCM#01-01-60_e_#TCM-OverviewTCMProcessAbsClass3
@Act_1 calls TCM#01-01-61_e_#TCM-OverviewTCMProcessSpecClass3
@Act_3 calls TCM#01-01-62_e_#TCM-OverviewTCMProcessNumClass3
@Act_4 calls TCM#01-01-63_e_#TCM-OverviewTCMProcessStatus1Class3
@Act_2 calls 
@Act_1 calls 
@Act_3 calls 
@Act_4 calls 
@SMS_FlyoutButton calls TCM#00-01-03_p_#TCM-System
@SMS_FlyoutButton4 calls TCM#00-01-02_p_#TCM-ExtSystem
@SMS_FlyoutButton1 calls TCM#00-01-01_p_#TCM-MediaConditions
@SMS_FlyoutButton calls TCM#00-01-03_p_#TCM-System
@SMS_FlyoutButton4 calls TCM#00-01-02_p_#TCM-ExtSystem
@SMS_FlyoutButton1 calls TCM#00-01-01_p_#TCM-MediaConditions
@SMS_FlyoutButton5 calls TCM#00-01-04_p_#TCM-FunctionStop
@SMS_FlyoutButton2 calls TCM_p_LocalPanel.pdl
@V3_SMS_Pb_PupNoModal(148+1) calls TCM#00-01-08_p_#TCM-FunctionAndModes
@V3_SMS_Pb_woFb_PupNoModal(167+1)_Dn calls 
@LooperOpnPopup calls SPL_p_Looper_Ens
@V3_SMS_Pb_Fb_Action_(53+1)7 calls 
@V3_SMS_Pb_Fb_Action_(53+1)4 calls 
@V3_SMS_Pb_Fb_Action_(53+1)14 calls TCM#01-01-01_p_#TCM-OpenGaugeShutter
@V3_SMS_Pb_Fb_Action_(53+1)15 calls 
@V3_SMS_Pb_Fb_Action_(53+1)16 calls 
@V3_SMS_Pb_Fb_Action_(53+1)11 calls 
@V3_SMS_Pb_Fb_Action_(53+1)3 calls 
@V3_SMS_Pb_Fb_Action_(53+1)13 calls 
@V3_SMS_Pb_Fb_Action_(53+1)10 calls 
@V3_SMS_Pb_Fb_Action_(53+1)17 calls TCM#01-01-01_p_#TCM-OpenGaugeShutter
@V3_SMS_Pb_Fb_Action_(53+1)1 calls 
@V3_SMS_Pb_Fb_Action_(53+1)6 calls 
@V3_SMS_Pb_Fb_Action_(53+1)21 calls TCM#01-01-01_p_#TCM-OpenGaugeShutter
@V3_SMS_Pb_Fb_Action_(53+1)5 calls 
@V3_SMS_Pb_Fb_Action_(53+1)20 calls 
@V3_SMS_Pb_Fb_Action_(53+1)2 calls 
@V3_SMS_Pb_Fb_Action_(53+1)8 calls 
@V3_SMS_Pb_Fb_Action_(53+1)9 calls TCM#01-01-01_p_#TCM-OpenGaugeShutter
@V3_SMS_Pb_Fb_Action_(53+1)12 calls 
@V3_SMS_Pb_Fb_Action_(53+1)18 calls 
@V3_SMS_Pb_woFb_CallScreen_(91+1) calls 
@V3_SMS_Pb_Fb_Action_(53+1) calls 
@V3_SMS_Pb_Fb_Action_(53+1)19 calls 
@V3_SMS_Pb_Fb_Action_(53+1)22 calls 
@Act_2 calls TCM#01-01-60_e_#TCM-OverviewTCMProcessAbsClass3
@Act_1 calls TCM#01-01-61_e_#TCM-OverviewTCMProcessSpecClass3
@Act_3 calls TCM#01-01-62_e_#TCM-OverviewTCMProcessNumClass3
@Act_4 calls TCM#01-01-63_e_#TCM-OverviewTCMProcessStatus1Class3
@Act_2 calls 
@Act_1 calls 
@Act_3 calls 
@Act_4 calls 
@SMS_FlyoutButton calls TCM#00-01-03_p_#TCM-System
@SMS_FlyoutButton4 calls TCM#00-01-02_p_#TCM-ExtSystem
@SMS_FlyoutButton1 calls TCM#00-01-01_p_#TCM-MediaConditions
@SMS_FlyoutButton5 calls TCM#00-01-04_p_#TCM-FunctionStop
@SMS_FlyoutButton2 calls TCM_p_LocalPanel.pdl
@V3_SMS_Pb_PupNoModal(148+1) calls TCM#00-01-08_p_#TCM-FunctionAndModes
@V3_SMS_Pb_woFb_PupNoModal(167+1)_Dn calls 
@LooperOpnPopup calls SPL_p_Looper_Ens
@V3_SMS_Pb_Fb_Action_(53+1)7 calls 
@SMS_FlyoutButton calls TCM#00-01-03_p_#TCM-System
@SMS_FlyoutButton4 calls TCM#00-01-02_p_#TCM-ExtSystem
@SMS_FlyoutButton1 calls TCM#00-01-01_p_#TCM-MediaConditions
@SMS_FlyoutButton5 calls TCM#00-01-04_p_#TCM-FunctionStop
@SMS_FlyoutButton2 calls TCM_p_LocalPanel.pdl
@V3_SMS_Pb_PupNoModal(148+1) calls TCM#00-01-08_p_#TCM-FunctionAndModes
@V3_SMS_Pb_woFb_PupNoModal(167+1)_Dn calls 
@LooperOpnPopup calls SPL_p_Looper_Ens
@V3_SMS_Pb_Fb_Action_(53+1)7 calls 
@Act_2 calls TCM#01-01-60_e_#TCM-OverviewTCMProcessAbsClass3
@Act_1 calls TCM#01-01-61_e_#TCM-OverviewTCMProcessSpecClass3
@Act_3 calls TCM#01-01-62_e_#TCM-OverviewTCMProcessNumClass3
@Act_4 calls TCM#01-01-63_e_#TCM-OverviewTCMProcessStatus1Class3
@Act_2 calls 
@Act_1 calls 
@Act_3 calls 
@Act_4 calls 
@SMS_FlyoutButton calls TCM#00-01-03_p_#TCM-System
@SMS_FlyoutButton4 calls TCM#00-01-02_p_#TCM-ExtSystem
@SMS_FlyoutButton1 calls TCM#00-01-01_p_#TCM-MediaConditions
@SMS_FlyoutButton5 calls TCM#00-01-04_p_#TCM-FunctionStop
@SMS_FlyoutButton2 calls TCM_p_LocalPanel.pdl
@V3_SMS_Pb_PupNoModal(148+1) calls TCM#00-01-08_p_#TCM-FunctionAndModes
@V3_SMS_Pb_woFb_PupNoModal(167+1)_Dn calls 
@LooperOpnPopup calls SPL_p_Looper_Ens
@V3_SMS_Pb_Fb_Action_(53+1)7 calls 
@Act_2 calls TCM#01-01-60_e_#TCM-OverviewTCMProcessAbsClass3
@Act_1 calls TCM#01-01-61_e_#TCM-OverviewTCMProcessSpecClass3
@Act_3 calls TCM#01-01-62_e_#TCM-OverviewTCMProcessNumClass3
@Act_4 calls TCM#01-01-63_e_#TCM-OverviewTCMProcessStatus1Class3
@Act_2 calls 
@Act_1 calls 
@Act_3 calls 
@Act_4 calls 
@SMS_FlyoutButton calls TCM#00-01-03_p_#TCM-System
@SMS_FlyoutButton4 calls TCM#00-01-02_p_#TCM-ExtSystem
@SMS_FlyoutButton1 calls TCM#00-01-01_p_#TCM-MediaConditions
@SMS_FlyoutButton5 calls TCM#00-01-04_p_#TCM-FunctionStop
@SMS_FlyoutButton2 calls TCM_p_LocalPanel.pdl
@V3_SMS_Pb_PupNoModal(148+1) calls TCM#00-01-08_p_#TCM-FunctionAndModes
@V3_SMS_Pb_woFb_PupNoModal(167+1)_Dn calls 
@LooperOpnPopup calls SPL_p_Looper_Ens
@V3_SMS_Pb_Fb_Action_(53+1)7 calls 
@Act_2 calls TCM#01-01-60_e_#TCM-OverviewTCMProcessAbsClass3
@Act_1 calls TCM#01-01-61_e_#TCM-OverviewTCMProcessSpecClass3
@Act_3 calls TCM#01-01-62_e_#TCM-OverviewTCMProcessNumClass3
@Act_4 calls TCM#01-01-63_e_#TCM-OverviewTCMProcessStatus1Class3
@Act_2 calls 
@Act_1 calls 
@Act_3 calls 
@Act_4 calls 
@V3_SMS_Pb_woFb_Action_(72+1)6 calls TCM#01-01-69_e_#TCM-OverviewTCMProcessStatus7Class3
@V3_SMS_Pb_woFb_Action_(72+1)7 calls TCM#01-01-70_e_#TCM-OverviewTCMProcessStatus8Class3
@V3_SMS_Pb_woFb_Action_(72+1)8 calls TCM#01-01-71_e_#TCM-OverviewTCMProcessStatus9Class3
@V3_SMS_Pb_woFb_Action_(72+1)9 calls TCM#01-01-72_e_#TCM-OverviewTCMProcessStatus10Class3
@V3_SMS_Pb_woFb_Action_(72+1)10 calls TCM#01-01-73_e_#TCM-OverviewTCMProcessStatus11Class3
@V3_SMS_Pb_woFb_Action_(72+1)11 calls TCM#01-01-74_e_#TCM-OverviewTCMProcessStatus12Class3
@V3_SMS_Pb_woFb_Action_(72+1)12 calls TCM#01-01-75_e_#TCM-OverviewTCMProcessStatus13Class3
@V3_SMS_Pb_woFb_Action_(72+1)13 calls TCM#01-01-76_e_#TCM-OverviewTCMProcessStatus14Class3
@V3_SMS_Pb_woFb_Action_(72+1)15 calls TCM#01-01-77_e_#TCM-OverviewTCMProcessStatus15Class3
@V3_SMS_Pb_woFb_Action_(72+1)5 calls TCM#01-01-68_e_#TCM-OverviewTCMProcessStatus6Class3
@V3_SMS_Pb_woFb_Action_(72+1)4 calls TCM#01-01-67_e_#TCM-OverviewTCMProcessStatus5Class3
@V3_SMS_Pb_woFb_Action_(72+1)2 calls TCM#01-01-65_e_#TCM-OverviewTCMProcessStatus3Class3
@V3_SMS_Pb_woFb_Action_(72+1)14 calls TCM#01-01-64_e_#TCM-OverviewTCMProcessStatus2Class3.pdl
@V3_SMS_Pb_woFb_Action_(72+1)1 calls TCM#01-01-63_e_#TCM-OverviewTCMProcessStatus1Class3
@V3_SMS_Pb_woFb_Action_(72+1)3 calls TCM#01-01-66_e_#TCM-OverviewTCMProcessStatus4Class3
@SMS_FlyoutButton calls TCM#00-01-03_p_#TCM-System
@SMS_FlyoutButton4 calls TCM#00-01-02_p_#TCM-ExtSystem
@SMS_FlyoutButton1 calls TCM#00-01-01_p_#TCM-MediaConditions
@SMS_FlyoutButton5 calls TCM#00-01-04_p_#TCM-FunctionStop
@SMS_FlyoutButton2 calls TCM_p_LocalPanel.pdl
@V3_SMS_Pb_PupNoModal(148+1) calls TCM#00-01-08_p_#TCM-FunctionAndModes
@V3_SMS_Pb_woFb_PupNoModal(167+1)_Dn calls 
@LooperOpnPopup calls SPL_p_Looper_Ens
@SMS_FlyoutButton calls TCM#00-01-03_p_#TCM-System
@SMS_FlyoutButton4 calls TCM#00-01-02_p_#TCM-ExtSystem
@SMS_FlyoutButton1 calls TCM#00-01-01_p_#TCM-MediaConditions
@SMS_FlyoutButton5 calls TCM#00-01-04_p_#TCM-FunctionStop
@SMS_FlyoutButton2 calls TCM_p_LocalPanel.pdl
@V3_SMS_Pb_PupNoModal(148+1) calls TCM#00-01-08_p_#TCM-FunctionAndModes
@V3_SMS_Pb_woFb_PupNoModal(167+1)_Dn calls 
@LooperOpnPopup calls SPL_p_Looper_Ens
@V3_SMS_Pb_Fb_Action_(53+1)7 calls 
@Act_2 calls TCM#01-01-60_e_#TCM-OverviewTCMProcessAbsClass3
@Act_1 calls TCM#01-01-61_e_#TCM-OverviewTCMProcessSpecClass3
@Act_3 calls TCM#01-01-62_e_#TCM-OverviewTCMProcessNumClass3
@Act_4 calls TCM#01-01-63_e_#TCM-OverviewTCMProcessStatus1Class3
@Act_2 calls 
@Act_1 calls 
@Act_3 calls 
@Act_4 calls 
@SMS_FlyoutButton calls TCM#00-01-03_p_#TCM-System
@SMS_FlyoutButton4 calls TCM#00-01-02_p_#TCM-ExtSystem
@SMS_FlyoutButton1 calls TCM#00-01-01_p_#TCM-MediaConditions
@SMS_FlyoutButton5 calls TCM#00-01-04_p_#TCM-FunctionStop
@SMS_FlyoutButton2 calls TCM_p_LocalPanel.pdl
@V3_SMS_Pb_PupNoModal(148+1) calls TCM#00-01-08_p_#TCM-FunctionAndModes
@V3_SMS_Pb_woFb_PupNoModal(167+1)_Dn calls 
@LooperOpnPopup calls SPL_p_Looper_Ens
@V3_SMS_Pb_Fb_Action_(53+1)7 calls 
@Act_2 calls TCM#01-01-60_e_#TCM-OverviewTCMProcessAbsClass3
@Act_1 calls TCM#01-01-61_e_#TCM-OverviewTCMProcessSpecClass3
@Act_3 calls TCM#01-01-62_e_#TCM-OverviewTCMProcessNumClass3
@Act_4 calls TCM#01-01-63_e_#TCM-OverviewTCMProcessStatus1Class3
@Act_2 calls 
@Act_1 calls 
@Act_3 calls 
@Act_4 calls 
@SMS_FlyoutButton calls TCM#00-01-03_p_#TCM-System
@SMS_FlyoutButton4 calls TCM#00-01-02_p_#TCM-ExtSystem
@SMS_FlyoutButton1 calls TCM#00-01-01_p_#TCM-MediaConditions
@SMS_FlyoutButton5 calls TCM#00-01-04_p_#TCM-FunctionStop
@SMS_FlyoutButton2 calls TCM_p_LocalPanel.pdl
@SMS_FlyoutButton calls TCM#00-01-03_p_#TCM-System
@SMS_FlyoutButton4 calls TCM#00-01-02_p_#TCM-ExtSystem
@SMS_FlyoutButton1 calls TCM#00-01-01_p_#TCM-MediaConditions
@SMS_FlyoutButton5 calls TCM#00-01-04_p_#TCM-FunctionStop
@SMS_FlyoutButton2 calls TCM_p_LocalPanel.pdl
@V3_SMS_Pb_PupNoModal(148+1) calls TCM#00-01-08_p_#TCM-FunctionAndModes
@V3_SMS_Pb_woFb_PupNoModal(167+1)_Dn calls 
@LooperOpnPopup calls SPL_p_Looper_Ens
@V3_SMS_Pb_Fb_Action_(53+1)7 calls 
@Act_2 calls TCM#01-01-60_e_#TCM-OverviewTCMProcessAbsClass3
@Act_1 calls TCM#01-01-61_e_#TCM-OverviewTCMProcessSpecClass3
@Act_3 calls TCM#01-01-62_e_#TCM-OverviewTCMProcessNumClass3
@Act_4 calls TCM#01-01-63_e_#TCM-OverviewTCMProcessStatus1Class3
@Act_2 calls 
@Act_1 calls 
@Act_3 calls 
@Act_4 calls 
@SMS_FlyoutButton calls TCM#00-01-03_p_#TCM-System
@SMS_FlyoutButton4 calls TCM#00-01-02_p_#TCM-ExtSystem
@SMS_FlyoutButton1 calls TCM#00-01-01_p_#TCM-MediaConditions
@SMS_FlyoutButton5 calls TCM#00-01-04_p_#TCM-FunctionStop
@SMS_FlyoutButton2 calls TCM_p_LocalPanel.pdl
@V3_SMS_Pb_PupNoModal(148+1) calls TCM#00-01-08_p_#TCM-FunctionAndModes
@V3_SMS_Pb_woFb_PupNoModal(167+1)_Dn calls 
@LooperOpnPopup calls SPL_p_Looper_Ens
@V3_SMS_Pb_Fb_Action_(53+1)7 calls 
@Act_2 calls TCM#01-01-60_e_#TCM-OverviewTCMProcessAbsClass3
@Act_1 calls TCM#01-01-61_e_#TCM-OverviewTCMProcessSpecClass3
@Act_3 calls TCM#01-01-62_e_#TCM-OverviewTCMProcessNumClass3
@Act_4 calls TCM#01-01-63_e_#TCM-OverviewTCMProcessStatus1Class3
@Act_2 calls 
@Act_1 calls 
@Act_3 calls 
@Act_4 calls 
@SMS_FlyoutButton calls TCM#00-01-03_p_#TCM-System
@SMS_FlyoutButton4 calls TCM#00-01-02_p_#TCM-ExtSystem
@SMS_FlyoutButton1 calls TCM#00-01-01_p_#TCM-MediaConditions
@SMS_FlyoutButton5 calls TCM#00-01-04_p_#TCM-FunctionStop
@SMS_FlyoutButton2 calls TCM_p_LocalPanel.pdl
@V3_SMS_Pb_PupNoModal(148+1) calls TCM#00-01-08_p_#TCM-FunctionAndModes
@V3_SMS_Pb_woFb_PupNoModal(167+1)_Dn calls 
@LooperOpnPopup calls SPL_p_Looper_Ens
@V3_SMS_Pb_Fb_Action_(53+1)7 calls 
@Act_2 calls TCM#01-01-60_e_#TCM-OverviewTCMProcessAbsClass3
@Act_1 calls TCM#01-01-61_e_#TCM-OverviewTCMProcessSpecClass3
@Act_3 calls TCM#01-01-62_e_#TCM-OverviewTCMProcessNumClass3
@Act_4 calls TCM#01-01-63_e_#TCM-OverviewTCMProcessStatus1Class3
@Act_2 calls 
@Act_1 calls 
@Act_3 calls 
@Act_4 calls 
@SMS_FlyoutButton calls TCM#00-01-03_p_#TCM-System
@SMS_FlyoutButton4 calls TCM#00-01-02_p_#TCM-ExtSystem
@SMS_FlyoutButton1 calls TCM#00-01-01_p_#TCM-MediaConditions
@SMS_FlyoutButton5 calls TCM#00-01-04_p_#TCM-FunctionStop
@SMS_FlyoutButton2 calls TCM_p_LocalPanel.pdl
@V3_SMS_Pb_PupNoModal(148+1) calls TCM#00-01-08_p_#TCM-FunctionAndModes
@V3_SMS_Pb_woFb_PupNoModal(167+1)_Dn calls 
@LooperOpnPopup calls SPL_p_Looper_Ens
@V3_SMS_Pb_Fb_Action_(53+1)7 calls 
@Act_2 calls TCM#01-01-60_e_#TCM-OverviewTCMProcessAbsClass3
@Act_1 calls TCM#01-01-61_e_#TCM-OverviewTCMProcessSpecClass3
@Act_3 calls TCM#01-01-62_e_#TCM-OverviewTCMProcessNumClass3
@Act_4 calls TCM#01-01-63_e_#TCM-OverviewTCMProcessStatus1Class3
@Act_2 calls 
@Act_1 calls 
@Act_3 calls 
@Act_4 calls 
@SMS_FlyoutButton calls TCM#00-01-03_p_#TCM-System
@SMS_FlyoutButton4 calls TCM#00-01-02_p_#TCM-ExtSystem
@SMS_FlyoutButton1 calls TCM#00-01-01_p_#TCM-MediaConditions
@SMS_FlyoutButton5 calls TCM#00-01-04_p_#TCM-FunctionStop
@SMS_FlyoutButton2 calls TCM_p_LocalPanel.pdl
@V3_SMS_Pb_PupNoModal(148+1) calls TCM#00-01-08_p_#TCM-FunctionAndModes
@V3_SMS_Pb_woFb_PupNoModal(167+1)_Dn calls 
@LooperOpnPopup calls SPL_p_Looper_Ens
@V3_SMS_Pb_Fb_Action_(53+1)7 calls 
@Act_2 calls TCM#01-01-60_e_#TCM-OverviewTCMProcessAbsClass3
@Act_1 calls TCM#01-01-61_e_#TCM-OverviewTCMProcessSpecClass3
@Act_3 calls TCM#01-01-62_e_#TCM-OverviewTCMProcessNumClass3
@Act_4 calls TCM#01-01-63_e_#TCM-OverviewTCMProcessStatus1Class3
@Act_2 calls 
@Act_1 calls 
@Act_3 calls 
@Act_4 calls 
@SMS_FlyoutButton calls TCM#00-01-03_p_#TCM-System
@SMS_FlyoutButton4 calls TCM#00-01-02_p_#TCM-ExtSystem
@SMS_FlyoutButton1 calls TCM#00-01-01_p_#TCM-MediaConditions
@SMS_FlyoutButton5 calls TCM#00-01-04_p_#TCM-FunctionStop
@SMS_FlyoutButton2 calls TCM_p_LocalPanel.pdl
@V3_SMS_Pb_PupNoModal(148+1) calls TCM#00-01-08_p_#TCM-FunctionAndModes
@V3_SMS_Pb_woFb_PupNoModal(167+1)_Dn calls 
@LooperOpnPopup calls SPL_p_Looper_Ens
@V3_SMS_Pb_Fb_Action_(53+1)7 calls 
@Act_2 calls TCM#01-01-60_e_#TCM-OverviewTCMProcessAbsClass3
@Act_1 calls TCM#01-01-61_e_#TCM-OverviewTCMProcessSpecClass3
@Act_3 calls TCM#01-01-62_e_#TCM-OverviewTCMProcessNumClass3
@Act_4 calls TCM#01-01-63_e_#TCM-OverviewTCMProcessStatus1Class3
@Act_2 calls 
@Act_1 calls 
@Act_3 calls 
@Act_4 calls 
@SMS_FlyoutButton calls TCM#00-01-03_p_#TCM-System
@SMS_FlyoutButton4 calls TCM#00-01-02_p_#TCM-ExtSystem
@SMS_FlyoutButton1 calls TCM#00-01-01_p_#TCM-MediaConditions
@SMS_FlyoutButton5 calls TCM#00-01-04_p_#TCM-FunctionStop
@SMS_FlyoutButton2 calls TCM_p_LocalPanel.pdl
@SMS_FlyoutButton calls TCM#00-01-03_p_#TCM-System
@SMS_FlyoutButton4 calls TCM#00-01-02_p_#TCM-ExtSystem
@SMS_FlyoutButton1 calls TCM#00-01-01_p_#TCM-MediaConditions
@SMS_FlyoutButton5 calls TCM#00-01-04_p_#TCM-FunctionStop
@SMS_FlyoutButton2 calls TCM_p_LocalPanel.pdl
@V3_SMS_Pb_PupNoModal(148+1) calls TCM#00-01-08_p_#TCM-FunctionAndModes
@V3_SMS_Pb_woFb_PupNoModal(167+1)_Dn calls 
@LooperOpnPopup calls SPL_p_Looper_Ens
@V3_SMS_Pb_Fb_Action_(53+1)7 calls 
@Act_2 calls TCM#01-01-60_e_#TCM-OverviewTCMProcessAbsClass3
@Act_1 calls TCM#01-01-61_e_#TCM-OverviewTCMProcessSpecClass3
@Act_3 calls TCM#01-01-62_e_#TCM-OverviewTCMProcessNumClass3
@Act_4 calls TCM#01-01-63_e_#TCM-OverviewTCMProcessStatus1Class3
@Act_2 calls 
@Act_1 calls 
@Act_3 calls 
@Act_4 calls 
@SMS_FlyoutButton calls TCM#00-01-03_p_#TCM-System
@SMS_FlyoutButton4 calls TCM#00-01-02_p_#TCM-ExtSystem
@SMS_FlyoutButton1 calls TCM#00-01-01_p_#TCM-MediaConditions
@SMS_FlyoutButton5 calls TCM#00-01-04_p_#TCM-FunctionStop
@SMS_FlyoutButton2 calls TCM_p_LocalPanel.pdl
@V3_SMS_Pb_PupNoModal(148+1) calls TCM#00-01-08_p_#TCM-FunctionAndModes
@V3_SMS_Pb_woFb_PupNoModal(167+1)_Dn calls 
@LooperOpnPopup calls SPL_p_Looper_Ens
@V3_SMS_Pb_Fb_Action_(53+1)7 calls 
@Act_2 calls TCM#01-01-60_e_#TCM-OverviewTCMProcessAbsClass3
@Act_1 calls TCM#01-01-61_e_#TCM-OverviewTCMProcessSpecClass3
@Act_3 calls TCM#01-01-62_e_#TCM-OverviewTCMProcessNumClass3
@Act_4 calls TCM#01-01-63_e_#TCM-OverviewTCMProcessStatus1Class3
@Act_2 calls 
@Act_1 calls 
@Act_3 calls 
@Act_4 calls 
@SMS_FlyoutButton calls TCM#00-01-03_p_#TCM-System
@SMS_FlyoutButton4 calls TCM#00-01-02_p_#TCM-ExtSystem
@SMS_FlyoutButton1 calls TCM#00-01-01_p_#TCM-MediaConditions
@SMS_FlyoutButton5 calls TCM#00-01-04_p_#TCM-FunctionStop
@SMS_FlyoutButton2 calls TCM_p_LocalPanel.pdl
@V3_SMS_Pb_PupNoModal(148+1) calls TCM#00-01-08_p_#TCM-FunctionAndModes
@V3_SMS_Pb_woFb_PupNoModal(167+1)_Dn calls 
@LooperOpnPopup calls SPL_p_Looper_Ens
@V3_SMS_Pb_Fb_Action_(53+1)7 calls 
@Act_2 calls TCM#01-01-60_e_#TCM-OverviewTCMProcessAbsClass3
@Act_1 calls TCM#01-01-61_e_#TCM-OverviewTCMProcessSpecClass3
@Act_3 calls TCM#01-01-62_e_#TCM-OverviewTCMProcessNumClass3
@Act_4 calls TCM#01-01-63_e_#TCM-OverviewTCMProcessStatus1Class3
@SMS_FlyoutButton calls TCM#00-01-03_p_#TCM-System
@SMS_FlyoutButton4 calls TCM#00-01-02_p_#TCM-ExtSystem
@SMS_FlyoutButton1 calls TCM#00-01-01_p_#TCM-MediaConditions
@SMS_FlyoutButton5 calls TCM#00-01-04_p_#TCM-FunctionStop
@SMS_FlyoutButton2 calls TCM_p_LocalPanel.pdl
@V3_SMS_Pb_PupNoModal(148+1) calls TCM#00-01-08_p_#TCM-FunctionAndModes
@V3_SMS_Pb_woFb_PupNoModal(167+1)_Dn calls 
@LooperOpnPopup calls SPL_p_Looper_Ens
@V3_SMS_Pb_Fb_Action_(53+1)7 calls 
@Act_2 calls TCM#01-01-60_e_#TCM-OverviewTCMProcessAbsClass3
@Act_1 calls TCM#01-01-61_e_#TCM-OverviewTCMProcessSpecClass3.pdl
@Act_3 calls TCM#01-01-62_e_#TCM-OverviewTCMProcessNumClass3.pdl
@Act_4 calls TCM#01-01-63_e_#TCM-OverviewTCMProcessStatus1Class3.pdl
@V3_SMS_Pb_woFb_Action_(72+1)6 calls TCM#01-01-69_e_#TCM-OverviewTCMProcessStatus7Class3
@V3_SMS_Pb_woFb_Action_(72+1)7 calls TCM#01-01-70_e_#TCM-OverviewTCMProcessStatus8Class3
@V3_SMS_Pb_woFb_Action_(72+1)8 calls TCM#01-01-71_e_#TCM-OverviewTCMProcessStatus9Class3
@V3_SMS_Pb_woFb_Action_(72+1)9 calls TCM#01-01-72_e_#TCM-OverviewTCMProcessStatus10Class3
@V3_SMS_Pb_woFb_Action_(72+1)10 calls TCM#01-01-73_e_#TCM-OverviewTCMProcessStatus11Class3
@V3_SMS_Pb_woFb_Action_(72+1)11 calls TCM#01-01-74_e_#TCM-OverviewTCMProcessStatus12Class3
@V3_SMS_Pb_woFb_Action_(72+1)12 calls TCM#01-01-75_e_#TCM-OverviewTCMProcessStatus13Class3
@V3_SMS_Pb_woFb_Action_(72+1)13 calls TCM#01-01-76_e_#TCM-OverviewTCMProcessStatus14Class3
@V3_SMS_Pb_woFb_Action_(72+1)15 calls TCM#01-01-77_e_#TCM-OverviewTCMProcessStatus15Class3
@V3_SMS_Pb_woFb_Action_(72+1)5 calls TCM#01-01-68_e_#TCM-OverviewTCMProcessStatus6Class3
@V3_SMS_Pb_woFb_Action_(72+1)4 calls TCM#01-01-67_e_#TCM-OverviewTCMProcessStatus5Class3
@V3_SMS_Pb_woFb_Action_(72+1)2 calls TCM#01-01-65_e_#TCM-OverviewTCMProcessStatus3Class3
@V3_SMS_Pb_woFb_Action_(72+1)14 calls TCM#01-01-64_e_#TCM-OverviewTCMProcessStatus2Class3.pdl
@V3_SMS_Pb_woFb_Action_(72+1)1 calls TCM#01-01-63_e_#TCM-OverviewTCMProcessStatus1Class3
@V3_SMS_Pb_woFb_Action_(72+1)3 calls TCM#01-01-66_e_#TCM-OverviewTCMProcessStatus4Class3
@SMS_FlyoutButton calls TCM#00-01-03_p_#TCM-System
@SMS_FlyoutButton4 calls TCM#00-01-02_p_#TCM-ExtSystem
@SMS_FlyoutButton1 calls TCM#00-01-01_p_#TCM-MediaConditions
@SMS_FlyoutButton5 calls TCM#00-01-04_p_#TCM-FunctionStop
@SMS_FlyoutButton2 calls TCM_p_LocalPanel.pdl
@V3_SMS_Pb_PupNoModal(148+1) calls TCM#00-01-08_p_#TCM-FunctionAndModes
@V3_SMS_Pb_woFb_PupNoModal(167+1)_Dn calls 
@LooperOpnPopup calls SPL_p_Looper_Ens
@V3_SMS_Pb_Fb_Action_(53+1)7 calls 
@Act_2 calls TCM#01-01-60_e_#TCM-OverviewTCMProcessAbsClass3
@Act_1 calls TCM#01-01-61_e_#TCM-OverviewTCMProcessSpecClass3.pdl
@Act_3 calls TCM#01-01-62_e_#TCM-OverviewTCMProcessNumClass3.pdl
@Act_4 calls TCM#01-01-63_e_#TCM-OverviewTCMProcessStatus1Class3.pdl
@V3_SMS_Pb_woFb_Action_(72+1)1 calls TCM#01-01-63_e_#TCM-OverviewTCMProcessStatus1Class3
@V3_SMS_Pb_woFb_Action_(72+1)2 calls TCM#01-01-65_e_#TCM-OverviewTCMProcessStatus3Class3
@V3_SMS_Pb_woFb_Action_(72+1)3 calls TCM#01-01-66_e_#TCM-OverviewTCMProcessStatus4Class3
@V3_SMS_Pb_woFb_Action_(72+1)4 calls TCM#01-01-67_e_#TCM-OverviewTCMProcessStatus5Class3
@V3_SMS_Pb_woFb_Action_(72+1)5 calls TCM#01-01-68_e_#TCM-OverviewTCMProcessStatus6Class3
@V3_SMS_Pb_woFb_Action_(72+1)6 calls TCM#01-01-69_e_#TCM-OverviewTCMProcessStatus7Class3
@V3_SMS_Pb_woFb_Action_(72+1)7 calls TCM#01-01-70_e_#TCM-OverviewTCMProcessStatus8Class3
@V3_SMS_Pb_woFb_Action_(72+1)8 calls TCM#01-01-71_e_#TCM-OverviewTCMProcessStatus9Class3
@V3_SMS_Pb_woFb_Action_(72+1)9 calls TCM#01-01-72_e_#TCM-OverviewTCMProcessStatus10Class3
@V3_SMS_Pb_woFb_Action_(72+1)10 calls TCM#01-01-73_e_#TCM-OverviewTCMProcessStatus11Class3
@V3_SMS_Pb_woFb_Action_(72+1)11 calls TCM#01-01-74_e_#TCM-OverviewTCMProcessStatus12Class3
@V3_SMS_Pb_woFb_Action_(72+1)12 calls TCM#01-01-75_e_#TCM-OverviewTCMProcessStatus13Class3
@V3_SMS_Pb_woFb_Action_(72+1)13 calls TCM#01-01-76_e_#TCM-OverviewTCMProcessStatus14Class3
@V3_SMS_Pb_woFb_Action_(72+1)15 calls TCM#01-01-77_e_#TCM-OverviewTCMProcessStatus15Class3
@V3_SMS_Pb_woFb_Action_(72+1)14 calls TCM#01-01-64_e_#TCM-OverviewTCMProcessStatus2Class3.pdl
@SMS_FlyoutButton calls TCM#00-01-03_p_#TCM-System
@SMS_FlyoutButton4 calls TCM#00-01-02_p_#TCM-ExtSystem
@SMS_FlyoutButton1 calls TCM#00-01-01_p_#TCM-MediaConditions
@SMS_FlyoutButton5 calls TCM#00-01-04_p_#TCM-FunctionStop
@SMS_FlyoutButton2 calls TCM_p_LocalPanel.pdl
@V3_SMS_Pb_PupNoModal(148+1) calls TCM#00-01-08_p_#TCM-FunctionAndModes
@V3_SMS_Pb_woFb_PupNoModal(167+1)_Dn calls 
@LooperOpnPopup calls SPL_p_Looper_Ens
@V3_SMS_Pb_Fb_Action_(53+1)7 calls 
@Act_2 calls TCM#01-01-60_e_#TCM-OverviewTCMProcessAbsClass3
@Act_1 calls TCM#01-01-61_e_#TCM-OverviewTCMProcessSpecClass3.pdl
@Act_3 calls TCM#01-01-62_e_#TCM-OverviewTCMProcessNumClass3.pdl
@Act_4 calls TCM#01-01-63_e_#TCM-OverviewTCMProcessStatus1Class3.pdl
@V3_SMS_Pb_woFb_Action_(72+1)1 calls TCM#01-01-63_e_#TCM-OverviewTCMProcessStatus1Class3
@V3_SMS_Pb_woFb_Action_(72+1)2 calls TCM#01-01-65_e_#TCM-OverviewTCMProcessStatus3Class3
@V3_SMS_Pb_woFb_Action_(72+1)3 calls TCM#01-01-66_e_#TCM-OverviewTCMProcessStatus4Class3
@V3_SMS_Pb_woFb_Action_(72+1)4 calls TCM#01-01-67_e_#TCM-OverviewTCMProcessStatus5Class3
@V3_SMS_Pb_woFb_Action_(72+1)5 calls TCM#01-01-68_e_#TCM-OverviewTCMProcessStatus6Class3
@V3_SMS_Pb_woFb_Action_(72+1)6 calls TCM#01-01-69_e_#TCM-OverviewTCMProcessStatus7Class3
@V3_SMS_Pb_woFb_Action_(72+1)7 calls TCM#01-01-70_e_#TCM-OverviewTCMProcessStatus8Class3
@V3_SMS_Pb_woFb_Action_(72+1)8 calls TCM#01-01-71_e_#TCM-OverviewTCMProcessStatus9Class3
@V3_SMS_Pb_woFb_Action_(72+1)9 calls TCM#01-01-72_e_#TCM-OverviewTCMProcessStatus10Class3
@V3_SMS_Pb_woFb_Action_(72+1)10 calls TCM#01-01-73_e_#TCM-OverviewTCMProcessStatus11Class3
@V3_SMS_Pb_woFb_Action_(72+1)11 calls TCM#01-01-74_e_#TCM-OverviewTCMProcessStatus12Class3
@V3_SMS_Pb_woFb_Action_(72+1)12 calls TCM#01-01-75_e_#TCM-OverviewTCMProcessStatus13Class3
@V3_SMS_Pb_woFb_Action_(72+1)13 calls TCM#01-01-76_e_#TCM-OverviewTCMProcessStatus14Class3
@V3_SMS_Pb_woFb_Action_(72+1)15 calls TCM#01-01-77_e_#TCM-OverviewTCMProcessStatus15Class3
@V3_SMS_Pb_woFb_Action_(72+1)14 calls TCM#01-01-64_e_#TCM-OverviewTCMProcessStatus2Class3.pdl
@SMS_FlyoutButton calls TCM#00-01-03_p_#TCM-System
@SMS_FlyoutButton4 calls TCM#00-01-02_p_#TCM-ExtSystem
@SMS_FlyoutButton1 calls TCM#00-01-01_p_#TCM-MediaConditions
@SMS_FlyoutButton5 calls TCM#00-01-04_p_#TCM-FunctionStop
Safety_FlyoutButton2 calls SAF2_p_Safety
@SMS_FlyoutButton calls TCM#00-01-03_p_#TCM-System
@SMS_FlyoutButton4 calls TCM#00-01-02_p_#TCM-ExtSystem
@SMS_FlyoutButton1 calls TCM#00-01-01_p_#TCM-MediaConditions
@SMS_FlyoutButton5 calls TCM#00-01-04_p_#TCM-FunctionStop
@V3_SMS_Pb_PupNoModal(148+1) calls TCM#00-01-08_p_#TCM-FunctionAndModes
@V3_SMS_Pb_woFb_PupNoModal(167+1)_Dn calls 
@LooperOpnPopup calls SPL_p_Looper_Ens
@V3_SMS_Pb_Fb_Action_(53+1)7 calls 
@SMS_FlyoutButton calls TCM#00-01-03_p_#TCM-System
@SMS_FlyoutButton4 calls TCM#00-01-02_p_#TCM-ExtSystem
@SMS_FlyoutButton1 calls TCM#00-01-01_p_#TCM-MediaConditions
@SMS_FlyoutButton5 calls TCM#00-01-04_p_#TCM-FunctionStop
@V3_SMS_Pb_PupNoModal(148+1) calls TCM#00-01-08_p_#TCM-FunctionAndModes
@V3_SMS_Pb_woFb_PupNoModal(167+1)_Dn calls 
@LooperOpnPopup calls SPL_p_Looper_Ens
@V3_SMS_Pb_Fb_Action_(53+1)7 calls 
@Act_1 calls TCM#01-01-61_e_#TCM-OverviewTCMProcessSpecClass3
@Act_3 calls TCM#01-01-62_e_#TCM-OverviewTCMProcessNumClass3
@Act_4 calls TCM#01-01-63_e_#TCM-OverviewTCMProcessStatus1Class3
@SMS_FlyoutButton calls TCM#00-01-03_p_#TCM-System
@SMS_FlyoutButton4 calls TCM#00-01-02_p_#TCM-ExtSystem
@SMS_FlyoutButton1 calls TCM#00-01-01_p_#TCM-MediaConditions
@SMS_FlyoutButton5 calls TCM#00-01-04_p_#TCM-FunctionStop
@V3_SMS_Pb_PupNoModal(148+1) calls TCM#00-01-08_p_#TCM-FunctionAndModes
@SMS_FlyoutButton calls TCM#00-01-03_p_#TCM-System
@SMS_FlyoutButton4 calls TCM#00-01-02_p_#TCM-ExtSystem
@SMS_FlyoutButton1 calls TCM#00-01-01_p_#TCM-MediaConditions
@SMS_FlyoutButton5 calls TCM#00-01-04_p_#TCM-FunctionStop
@V3_SMS_Pb_PupNoModal(148+1) calls TCM#00-01-08_p_#TCM-FunctionAndModes
@V3_SMS_Pb_woFb_PupNoModal(167+1)_Dn calls 
@LooperOpnPopup calls SPL_p_Looper_Ens
@V3_SMS_Pb_Fb_Action_(53+1)7 calls 
@Act_1 calls TCM#01-01-61_e_#TCM-OverviewTCMProcessSpecClass3
@Act_3 calls TCM#01-01-62_e_#TCM-OverviewTCMProcessNumClass3
@Act_4 calls TCM#01-01-63_e_#TCM-OverviewTCMProcessStatus1Class3
@SMS_FlyoutButton calls TCM#00-01-03_p_#TCM-System
@SMS_FlyoutButton4 calls TCM#00-01-02_p_#TCM-ExtSystem
@SMS_FlyoutButton1 calls TCM#00-01-01_p_#TCM-MediaConditions
@SMS_FlyoutButton5 calls TCM#00-01-04_p_#TCM-FunctionStop
@V3_SMS_Pb_PupNoModal(148+1) calls TCM#00-01-08_p_#TCM-FunctionAndModes
@V3_SMS_Pb_woFb_PupNoModal(167+1)_Dn calls 
@LooperOpnPopup calls SPL_p_Looper_Ens
@V3_SMS_Pb_Fb_Action_(53+1)7 calls 
@Act_1 calls TCM#01-01-61_e_#TCM-OverviewTCMProcessSpecClass3
@Act_3 calls TCM#01-01-62_e_#TCM-OverviewTCMProcessNumClass3
@Act_4 calls TCM#01-01-63_e_#TCM-OverviewTCMProcessStatus1Class3
@SMS_FlyoutButton calls TCM#00-01-03_p_#TCM-System
@SMS_FlyoutButton4 calls TCM#00-01-02_p_#TCM-ExtSystem
@SMS_FlyoutButton1 calls TCM#00-01-01_p_#TCM-MediaConditions
@SMS_FlyoutButton5 calls TCM#00-01-04_p_#TCM-FunctionStop
@V3_SMS_Pb_PupNoModal(148+1) calls TCM#00-01-08_p_#TCM-FunctionAndModes
@V3_SMS_Pb_woFb_PupNoModal(167+1)_Dn calls 
@LooperOpnPopup calls SPL_p_Looper_Ens
@V3_SMS_Pb_Fb_Action_(53+1)7 calls 
@Act_2 calls TCM#01-01-60_e_#TCM-OverviewTCMProcessAbsClass3
@Act_3 calls TCM#01-01-62_e_#TCM-OverviewTCMProcessNumClass3.pdl
@Act_4 calls TCM#01-01-63_e_#TCM-OverviewTCMProcessStatus1Class3.pdl
@SMS_FlyoutButton calls TCM#00-01-03_p_#TCM-System
@SMS_FlyoutButton4 calls TCM#00-01-02_p_#TCM-ExtSystem
@SMS_FlyoutButton1 calls TCM#00-01-01_p_#TCM-MediaConditions
@SMS_FlyoutButton5 calls TCM#00-01-04_p_#TCM-FunctionStop
@V3_SMS_Pb_PupNoModal(148+1) calls TCM#00-01-08_p_#TCM-FunctionAndModes
@V3_SMS_Pb_woFb_PupNoModal(167+1)_Dn calls 
@LooperOpnPopup calls SPL_p_Looper_Ens
@V3_SMS_Pb_Fb_Action_(53+1)7 calls 
@Act_1 calls TCM#01-01-61_e_#TCM-OverviewTCMProcessSpecClass3
@Act_3 calls TCM#01-01-62_e_#TCM-OverviewTCMProcessNumClass3
@Act_4 calls TCM#01-01-63_e_#TCM-OverviewTCMProcessStatus1Class3
@SMS_FlyoutButton calls TCM#00-01-03_p_#TCM-System
@SMS_FlyoutButton4 calls TCM#00-01-02_p_#TCM-ExtSystem
@SMS_FlyoutButton1 calls TCM#00-01-01_p_#TCM-MediaConditions
@SMS_FlyoutButton5 calls TCM#00-01-04_p_#TCM-FunctionStop
@V3_SMS_Pb_PupNoModal(148+1) calls TCM#00-01-08_p_#TCM-FunctionAndModes
@V3_SMS_Pb_woFb_PupNoModal(167+1)_Dn calls 
@LooperOpnPopup calls SPL_p_Looper_Ens
@V3_SMS_Pb_Fb_Action_(53+1)7 calls 
@Act_2 calls TCM#01-01-60_e_#TCM-OverviewTCMProcessAbsClass3
@Act_3 calls TCM#01-01-62_e_#TCM-OverviewTCMProcessNumClass3.pdl
@Act_4 calls TCM#01-01-63_e_#TCM-OverviewTCMProcessStatus1Class3.pdl
@SMS_FlyoutButton calls TCM#00-01-03_p_#TCM-System
@SMS_FlyoutButton4 calls TCM#00-01-02_p_#TCM-ExtSystem
@SMS_FlyoutButton1 calls TCM#00-01-01_p_#TCM-MediaConditions
@SMS_FlyoutButton5 calls TCM#00-01-04_p_#TCM-FunctionStop
@V3_SMS_Pb_PupNoModal(148+1) calls TCM#00-01-08_p_#TCM-FunctionAndModes
@V3_SMS_Pb_woFb_PupNoModal(167+1)_Dn calls 
@LooperOpnPopup calls SPL_p_Looper_Ens
@V3_SMS_Pb_Fb_Action_(53+1)7 calls 
@Act_1 calls TCM#01-01-61_e_#TCM-OverviewTCMProcessSpecClass3
@Act_3 calls TCM#01-01-62_e_#TCM-OverviewTCMProcessNumClass3
@Act_4 calls TCM#01-01-63_e_#TCM-OverviewTCMProcessStatus1Class3
@SMS_FlyoutButton calls TCM#00-01-03_p_#TCM-System
@SMS_FlyoutButton4 calls TCM#00-01-02_p_#TCM-ExtSystem
@SMS_FlyoutButton1 calls TCM#00-01-01_p_#TCM-MediaConditions
@SMS_FlyoutButton5 calls TCM#00-01-04_p_#TCM-FunctionStop
@V3_SMS_Pb_PupNoModal(148+1) calls TCM#00-01-08_p_#TCM-FunctionAndModes
@V3_SMS_Pb_woFb_PupNoModal(167+1)_Dn calls 
@LooperOpnPopup calls SPL_p_Looper_Ens
@V3_SMS_Pb_Fb_Action_(53+1)7 calls 
@Act_1 calls TCM#01-01-61_e_#TCM-OverviewTCMProcessSpecClass3
@Act_3 calls TCM#01-01-62_e_#TCM-OverviewTCMProcessNumClass3
@Act_4 calls TCM#01-01-63_e_#TCM-OverviewTCMProcessStatus1Class3
@Act_2 calls TCM#01-01-60_e_#TCM-OverviewTCMProcessAbsClass3
@Act_3 calls TCM#01-01-62_e_#TCM-OverviewTCMProcessNumClass3.pdl
@Act_4 calls TCM#01-01-63_e_#TCM-OverviewTCMProcessStatus1Class3.pdl
@Act_2 calls TCM#01-01-60_e_#TCM-OverviewTCMProcessAbsClass3
@Act_1 calls TCM#01-01-61_e_#TCM-OverviewTCMProcessSpecClass3.pdl
@Act_4 calls TCM#01-01-63_e_#TCM-OverviewTCMProcessStatus1Class3.pdl
@Act_2 calls TCM#01-01-60_e_#TCM-OverviewTCMProcessAbsClass3
@Act_1 calls TCM#01-01-61_e_#TCM-OverviewTCMProcessSpecClass3.pdl
@Act_3 calls TCM#01-01-62_e_#TCM-OverviewTCMProcessNumClass3.pdl
@V3_SMS_Pb_woFb_Action_(72+1)6 calls TCM#01-01-69_e_#TCM-OverviewTCMProcessStatus7Class3
@V3_SMS_Pb_woFb_Action_(72+1)7 calls TCM#01-01-70_e_#TCM-OverviewTCMProcessStatus8Class3
@V3_SMS_Pb_woFb_Action_(72+1)8 calls TCM#01-01-71_e_#TCM-OverviewTCMProcessStatus9Class3
@V3_SMS_Pb_woFb_Action_(72+1)9 calls TCM#01-01-72_e_#TCM-OverviewTCMProcessStatus10Class3
@V3_SMS_Pb_woFb_Action_(72+1)10 calls TCM#01-01-73_e_#TCM-OverviewTCMProcessStatus11Class3
@V3_SMS_Pb_woFb_Action_(72+1)11 calls TCM#01-01-74_e_#TCM-OverviewTCMProcessStatus12Class3
@V3_SMS_Pb_woFb_Action_(72+1)12 calls TCM#01-01-75_e_#TCM-OverviewTCMProcessStatus13Class3
@V3_SMS_Pb_woFb_Action_(72+1)13 calls TCM#01-01-76_e_#TCM-OverviewTCMProcessStatus14Class3
@V3_SMS_Pb_woFb_Action_(72+1)15 calls TCM#01-01-77_e_#TCM-OverviewTCMProcessStatus15Class3
@V3_SMS_Pb_woFb_Action_(72+1)5 calls TCM#01-01-68_e_#TCM-OverviewTCMProcessStatus6Class3
@V3_SMS_Pb_woFb_Action_(72+1)4 calls TCM#01-01-67_e_#TCM-OverviewTCMProcessStatus5Class3
@V3_SMS_Pb_woFb_Action_(72+1)2 calls TCM#01-01-65_e_#TCM-OverviewTCMProcessStatus3Class3
@V3_SMS_Pb_woFb_Action_(72+1)14 calls TCM#01-01-64_e_#TCM-OverviewTCMProcessStatus2Class3.pdl
@V3_SMS_Pb_woFb_Action_(72+1)3 calls TCM#01-01-66_e_#TCM-OverviewTCMProcessStatus4Class3
@SMS_FlyoutButton calls TCM#00-01-03_p_#TCM-System
@SMS_FlyoutButton4 calls TCM#00-01-02_p_#TCM-ExtSystem
@SMS_FlyoutButton1 calls TCM#00-01-01_p_#TCM-MediaConditions
@SMS_FlyoutButton5 calls TCM#00-01-04_p_#TCM-FunctionStop
@V3_SMS_Pb_PupNoModal(148+1) calls TCM#00-01-08_p_#TCM-FunctionAndModes
@V3_SMS_Pb_woFb_PupNoModal(167+1)_Dn calls 
@LooperOpnPopup calls SPL_p_Looper_Ens
@V3_SMS_Pb_Fb_Action_(53+1)7 calls 
@Act_2 calls TCM#01-01-60_e_#TCM-OverviewTCMProcessAbsClass3
@Act_1 calls TCM#01-01-61_e_#TCM-OverviewTCMProcessSpecClass3.pdl
@Act_3 calls TCM#01-01-62_e_#TCM-OverviewTCMProcessNumClass3.pdl
@V3_SMS_Pb_woFb_Action_(72+1)6 calls TCM#01-01-69_e_#TCM-OverviewTCMProcessStatus7Class3
@V3_SMS_Pb_woFb_Action_(72+1)7 calls TCM#01-01-70_e_#TCM-OverviewTCMProcessStatus8Class3
@V3_SMS_Pb_woFb_Action_(72+1)8 calls TCM#01-01-71_e_#TCM-OverviewTCMProcessStatus9Class3
@V3_SMS_Pb_woFb_Action_(72+1)9 calls TCM#01-01-72_e_#TCM-OverviewTCMProcessStatus10Class3
@V3_SMS_Pb_woFb_Action_(72+1)10 calls TCM#01-01-73_e_#TCM-OverviewTCMProcessStatus11Class3
@V3_SMS_Pb_woFb_Action_(72+1)11 calls TCM#01-01-74_e_#TCM-OverviewTCMProcessStatus12Class3
@V3_SMS_Pb_woFb_Action_(72+1)12 calls TCM#01-01-75_e_#TCM-OverviewTCMProcessStatus13Class3
@V3_SMS_Pb_woFb_Action_(72+1)13 calls TCM#01-01-76_e_#TCM-OverviewTCMProcessStatus14Class3
@V3_SMS_Pb_woFb_Action_(72+1)15 calls TCM#01-01-77_e_#TCM-OverviewTCMProcessStatus15Class3
@V3_SMS_Pb_woFb_Action_(72+1)5 calls TCM#01-01-68_e_#TCM-OverviewTCMProcessStatus6Class3
@V3_SMS_Pb_woFb_Action_(72+1)4 calls TCM#01-01-67_e_#TCM-OverviewTCMProcessStatus5Class3
@V3_SMS_Pb_woFb_Action_(72+1)2 calls TCM#01-01-65_e_#TCM-OverviewTCMProcessStatus3Class3
@V3_SMS_Pb_woFb_Action_(72+1)14 calls TCM#01-01-64_e_#TCM-OverviewTCMProcessStatus2Class3.pdl
@V3_SMS_Pb_woFb_Action_(72+1)3 calls TCM#01-01-66_e_#TCM-OverviewTCMProcessStatus4Class3
@SMS_FlyoutButton calls TCM#00-01-03_p_#TCM-System
@SMS_FlyoutButton4 calls TCM#00-01-02_p_#TCM-ExtSystem
@SMS_FlyoutButton1 calls TCM#00-01-01_p_#TCM-MediaConditions
@SMS_FlyoutButton5 calls TCM#00-01-04_p_#TCM-FunctionStop
@V3_SMS_Pb_PupNoModal(148+1) calls TCM#00-01-08_p_#TCM-FunctionAndModes
@V3_SMS_Pb_woFb_PupNoModal(167+1)_Dn calls 
@LooperOpnPopup calls SPL_p_Looper_Ens
@V3_SMS_Pb_Fb_Action_(53+1)7 calls 
@Act_1 calls TCM#01-01-61_e_#TCM-OverviewTCMProcessSpecClass3
@Act_3 calls TCM#01-01-62_e_#TCM-OverviewTCMProcessNumClass3
@Act_4 calls TCM#01-01-63_e_#TCM-OverviewTCMProcessStatus1Class3
@SMS_FlyoutButton calls TCM#00-01-03_p_#TCM-System
@SMS_FlyoutButton4 calls TCM#00-01-02_p_#TCM-ExtSystem
@SMS_FlyoutButton1 calls TCM#00-01-01_p_#TCM-MediaConditions
@SMS_FlyoutButton5 calls TCM#00-01-04_p_#TCM-FunctionStop
@V3_SMS_Pb_PupNoModal(148+1) calls TCM#00-01-08_p_#TCM-FunctionAndModes
@V3_SMS_Pb_woFb_PupNoModal(167+1)_Dn calls 
@LooperOpnPopup calls SPL_p_Looper_Ens
@V3_SMS_Pb_Fb_Action_(53+1)7 calls 
@Act_2 calls TCM#01-01-60_e_#TCM-OverviewTCMProcessAbsClass3
@Act_3 calls TCM#01-01-62_e_#TCM-OverviewTCMProcessNumClass3.pdl
@Act_4 calls TCM#01-01-63_e_#TCM-OverviewTCMProcessStatus1Class3.pdl
@SMS_FlyoutButton calls TCM#00-01-03_p_#TCM-System
@SMS_FlyoutButton4 calls TCM#00-01-02_p_#TCM-ExtSystem
@SMS_FlyoutButton1 calls TCM#00-01-01_p_#TCM-MediaConditions
@SMS_FlyoutButton5 calls TCM#00-01-04_p_#TCM-FunctionStop
@V3_SMS_Pb_PupNoModal(148+1) calls TCM#00-01-08_p_#TCM-FunctionAndModes
@V3_SMS_Pb_woFb_PupNoModal(167+1)_Dn calls 
@LooperOpnPopup calls SPL_p_Looper_Ens
@V3_SMS_Pb_Fb_Action_(53+1)7 calls 
@Act_1 calls TCM#01-01-61_e_#TCM-OverviewTCMProcessSpecClass3
@Act_3 calls TCM#01-01-62_e_#TCM-OverviewTCMProcessNumClass3
@Act_4 calls TCM#01-01-63_e_#TCM-OverviewTCMProcessStatus1Class3
@Act_2 calls TCM#01-01-60_e_#TCM-OverviewTCMProcessAbsClass3
@Act_3 calls TCM#01-01-62_e_#TCM-OverviewTCMProcessNumClass3.pdl
@Act_4 calls TCM#01-01-63_e_#TCM-OverviewTCMProcessStatus1Class3.pdl
@Act_2 calls TCM#01-01-60_e_#TCM-OverviewTCMProcessAbsClass3
@Act_1 calls TCM#01-01-61_e_#TCM-OverviewTCMProcessSpecClass3.pdl
@Act_4 calls TCM#01-01-63_e_#TCM-OverviewTCMProcessStatus1Class3.pdl
@Act_2 calls TCM#01-01-60_e_#TCM-OverviewTCMProcessAbsClass3
@Act_1 calls TCM#01-01-61_e_#TCM-OverviewTCMProcessSpecClass3.pdl
@Act_3 calls TCM#01-01-62_e_#TCM-OverviewTCMProcessNumClass3.pdl
@V3_SMS_Pb_woFb_Action_(72+1)6 calls TCM#01-01-69_e_#TCM-OverviewTCMProcessStatus7Class3
@V3_SMS_Pb_woFb_Action_(72+1)7 calls TCM#01-01-70_e_#TCM-OverviewTCMProcessStatus8Class3
@V3_SMS_Pb_woFb_Action_(72+1)8 calls TCM#01-01-71_e_#TCM-OverviewTCMProcessStatus9Class3
@V3_SMS_Pb_woFb_Action_(72+1)9 calls TCM#01-01-72_e_#TCM-OverviewTCMProcessStatus10Class3
@V3_SMS_Pb_woFb_Action_(72+1)10 calls TCM#01-01-73_e_#TCM-OverviewTCMProcessStatus11Class3
@V3_SMS_Pb_woFb_Action_(72+1)11 calls TCM#01-01-74_e_#TCM-OverviewTCMProcessStatus12Class3
@V3_SMS_Pb_woFb_Action_(72+1)12 calls TCM#01-01-75_e_#TCM-OverviewTCMProcessStatus13Class3
@V3_SMS_Pb_woFb_Action_(72+1)13 calls TCM#01-01-76_e_#TCM-OverviewTCMProcessStatus14Class3
@V3_SMS_Pb_woFb_Action_(72+1)15 calls TCM#01-01-77_e_#TCM-OverviewTCMProcessStatus15Class3
@V3_SMS_Pb_woFb_Action_(72+1)5 calls TCM#01-01-68_e_#TCM-OverviewTCMProcessStatus6Class3
@V3_SMS_Pb_woFb_Action_(72+1)4 calls TCM#01-01-67_e_#TCM-OverviewTCMProcessStatus5Class3
@V3_SMS_Pb_woFb_Action_(72+1)2 calls TCM#01-01-65_e_#TCM-OverviewTCMProcessStatus3Class3
@V3_SMS_Pb_woFb_Action_(72+1)14 calls TCM#01-01-64_e_#TCM-OverviewTCMProcessStatus2Class3.pdl
@V3_SMS_Pb_woFb_Action_(72+1)3 calls TCM#01-01-66_e_#TCM-OverviewTCMProcessStatus4Class3
