TCM#00-01-10_e_#TCM_Batch at 171, 31, 1362, 86
TCM#25-07-00_n_#TCM-DevicesRollChangeC1 at 175, 0, 1920, 848
TCM#25-07-60_e_#TCM-DevicesRollChangeC1Class3 at 1510, 0, 234, 848
TCM#25-07-60_e_#TCM-DevicesRollChangeC1Class3,@V3_SMS_Pb_PupNoModal(205+1)11,15,138
TCM#25-07-60_e_#TCM-DevicesRollChangeC1Class3,@V3_SMS_Pb_PupNoModal(205+1)11,1700,299,1906,325
TCM#25-07-60_e_#TCM-DevicesRollChangeC1Class3,@V3_SMS_Pb_PupNoModal(205+1)5,15,68
TCM#25-07-60_e_#TCM-DevicesRollChangeC1Class3,@V3_SMS_Pb_PupNoModal(205+1)5,1700,229,1906,255
TCM#25-07-60_e_#TCM-DevicesRollChangeC1Class3,@V3_SMS_Pb_PupNoModal(205+1)6,15,33
TCM#25-07-60_e_#TCM-DevicesRollChangeC1Class3,@V3_SMS_Pb_PupNoModal(205+1)6,1700,194,1906,220
TCM#25-07-00_f_#TCM-DevicesRollChangeC1 at 376, 1040, 1190, 40
TCM#25-07-00_f_#TCM-DevicesRollChangeC1,Button8,388,0
TCM#25-07-00_f_#TCM-DevicesRollChangeC1,Button8,939,1201,1068,1241
TCM#25-07-00_f_#TCM-DevicesRollChangeC1,Button1,516,0
TCM#25-07-00_f_#TCM-DevicesRollChangeC1,Button1,1067,1201,1196,1241
TCM#25-07-00_f_#TCM-DevicesRollChangeC1,Button2,644,0
TCM#25-07-00_f_#TCM-DevicesRollChangeC1,Button2,1195,1201,1324,1241
TCM#25-07-00_f_#TCM-DevicesRollChangeC1,Button4,772,0
TCM#25-07-00_f_#TCM-DevicesRollChangeC1,Button4,1323,1201,1452,1241
TCM#25-07-00_f_#TCM-DevicesRollChangeC1,Button9,900,0
TCM#25-07-00_f_#TCM-DevicesRollChangeC1,Button9,1451,1201,1580,1241
TCM#25-07-00_f_#TCM-DevicesRollChangeC1,Button7,132,0
TCM#25-07-00_f_#TCM-DevicesRollChangeC1,Button7,683,1201,812,1241
TCM#25-07-00_f_#TCM-DevicesRollChangeC1,Button5,260,0
TCM#25-07-00_f_#TCM-DevicesRollChangeC1,Button5,811,1201,940,1241
TCM#25-07-00_f_#TCM-DevicesRollChangeC1,Button3,4,0
TCM#25-07-00_f_#TCM-DevicesRollChangeC1,Button3,555,1201,684,1241
popup at 1894, 196
popup at 1894, 231
popup at 1894, 301
TCM#00-01-10_e_#TCM_Batch at 171, 31, 1362, 86
TCM#25-07-00_n_#TCM-DevicesRollChangeC1 at 175, 0, 1920, 848
TCM#25-07-60_e_#TCM-DevicesRollChangeC1Class3 at 1510, 0, 234, 848
TCM#25-07-60_e_#TCM-DevicesRollChangeC1Class3,@V3_SMS_Pb_PupNoModal(205+1)11,15,138
TCM#25-07-60_e_#TCM-DevicesRollChangeC1Class3,@V3_SMS_Pb_PupNoModal(205+1)11,1700,299,1906,325
TCM#25-07-60_e_#TCM-DevicesRollChangeC1Class3,@V3_SMS_Pb_PupNoModal(205+1)5,15,68
TCM#25-07-60_e_#TCM-DevicesRollChangeC1Class3,@V3_SMS_Pb_PupNoModal(205+1)5,1700,229,1906,255
TCM#25-07-60_e_#TCM-DevicesRollChangeC1Class3,@V3_SMS_Pb_PupNoModal(205+1)6,15,33
TCM#25-07-60_e_#TCM-DevicesRollChangeC1Class3,@V3_SMS_Pb_PupNoModal(205+1)6,1700,194,1906,220
TCM#25-07-00_f_#TCM-DevicesRollChangeC1 at 376, 1040, 1190, 40
TCM#25-07-00_f_#TCM-DevicesRollChangeC1,Button8,388,0
TCM#25-07-00_f_#TCM-DevicesRollChangeC1,Button8,939,1201,1068,1241
TCM#25-07-00_f_#TCM-DevicesRollChangeC1,Button1,516,0
TCM#25-07-00_f_#TCM-DevicesRollChangeC1,Button1,1067,1201,1196,1241
TCM#25-07-00_f_#TCM-DevicesRollChangeC1,Button2,644,0
TCM#25-07-00_f_#TCM-DevicesRollChangeC1,Button2,1195,1201,1324,1241
TCM#25-07-00_f_#TCM-DevicesRollChangeC1,Button4,772,0
TCM#25-07-00_f_#TCM-DevicesRollChangeC1,Button4,1323,1201,1452,1241
TCM#25-07-00_f_#TCM-DevicesRollChangeC1,Button9,900,0
TCM#25-07-00_f_#TCM-DevicesRollChangeC1,Button9,1451,1201,1580,1241
TCM#25-07-00_f_#TCM-DevicesRollChangeC1,Button7,132,0
TCM#25-07-00_f_#TCM-DevicesRollChangeC1,Button7,683,1201,812,1241
TCM#25-07-00_f_#TCM-DevicesRollChangeC1,Button5,260,0
TCM#25-07-00_f_#TCM-DevicesRollChangeC1,Button5,811,1201,940,1241
TCM#25-07-00_f_#TCM-DevicesRollChangeC1,Button3,4,0
TCM#25-07-00_f_#TCM-DevicesRollChangeC1,Button3,555,1201,684,1241
popup at 1894, 301
TCM#00-01-10_e_#TCM_Batch at 171, 31, 1362, 86
TCM#25-07-00_n_#TCM-DevicesRollChangeC1 at 175, 0, 1920, 848
TCM#25-07-60_e_#TCM-DevicesRollChangeC1Class3 at 1510, 0, 234, 848
TCM#00-01-10_e_#TCM_Batch at 171, 31, 1362, 86
TCM#25-07-00_n_#TCM-DevicesRollChangeC1 at 175, 0, 1920, 848
TCM#25-07-60_e_#TCM-DevicesRollChangeC1Class3 at 1510, 0, 234, 848
TCM#00-01-10_e_#TCM_Batch at 171, 31, 1362, 86
TCM#25-07-00_n_#TCM-DevicesRollChangeC1 at 175, 0, 1920, 848
TCM#25-07-60_e_#TCM-DevicesRollChangeC1Class3 at 1510, 0, 234, 848
TCM#00-01-10_e_#TCM_Batch at 171, 31, 1362, 86
TCM#25-07-00_n_#TCM-DevicesRollChangeC1 at 175, 0, 1920, 848
TCM#25-07-60_e_#TCM-DevicesRollChangeC1Class3 at 1510, 0, 234, 848
TCM#25-07-60_e_#TCM-DevicesRollChangeC1Class3,@V3_SMS_Pb_PupNoModal(205+1)11,15,138
TCM#25-07-60_e_#TCM-DevicesRollChangeC1Class3,@V3_SMS_Pb_PupNoModal(205+1)11,1700,299,1906,325
TCM#25-07-60_e_#TCM-DevicesRollChangeC1Class3,@V3_SMS_Pb_PupNoModal(205+1)5,15,68
TCM#25-07-60_e_#TCM-DevicesRollChangeC1Class3,@V3_SMS_Pb_PupNoModal(205+1)5,1700,229,1906,255
TCM#25-07-60_e_#TCM-DevicesRollChangeC1Class3,@V3_SMS_Pb_PupNoModal(205+1)6,15,33
TCM#25-07-60_e_#TCM-DevicesRollChangeC1Class3,@V3_SMS_Pb_PupNoModal(205+1)6,1700,194,1906,220
TCM#25-07-00_f_#TCM-DevicesRollChangeC1 at 376, 1040, 1190, 40
TCM#25-07-00_f_#TCM-DevicesRollChangeC1,Button8,388,0
TCM#25-07-00_f_#TCM-DevicesRollChangeC1,Button8,939,1201,1068,1241
TCM#25-07-00_f_#TCM-DevicesRollChangeC1,Button1,516,0
TCM#25-07-00_f_#TCM-DevicesRollChangeC1,Button1,1067,1201,1196,1241
TCM#25-07-00_f_#TCM-DevicesRollChangeC1,Button2,644,0
TCM#25-07-00_f_#TCM-DevicesRollChangeC1,Button2,1195,1201,1324,1241
TCM#25-07-00_f_#TCM-DevicesRollChangeC1,Button4,772,0
TCM#25-07-00_f_#TCM-DevicesRollChangeC1,Button4,1323,1201,1452,1241
TCM#25-07-00_f_#TCM-DevicesRollChangeC1,Button9,900,0
TCM#25-07-00_f_#TCM-DevicesRollChangeC1,Button9,1451,1201,1580,1241
TCM#25-07-00_f_#TCM-DevicesRollChangeC1,Button7,132,0
TCM#25-07-00_f_#TCM-DevicesRollChangeC1,Button7,683,1201,812,1241
TCM#25-07-00_f_#TCM-DevicesRollChangeC1,Button5,260,0
TCM#25-07-00_f_#TCM-DevicesRollChangeC1,Button5,811,1201,940,1241
TCM#25-07-00_f_#TCM-DevicesRollChangeC1,Button3,4,0
TCM#25-07-00_f_#TCM-DevicesRollChangeC1,Button3,555,1201,684,1241
popup at 1894, 301
TCM#00-01-10_e_#TCM_Batch at 171, 31, 1362, 86
TCM#25-07-00_n_#TCM-DevicesRollChangeC1 at 175, 0, 1920, 848
TCM#25-07-60_e_#TCM-DevicesRollChangeC1Class3 at 1510, 0, 234, 848
TCM#25-07-60_e_#TCM-DevicesRollChangeC1Class3,@V3_SMS_Pb_PupNoModal(205+1)11,15,138
TCM#25-07-60_e_#TCM-DevicesRollChangeC1Class3,@V3_SMS_Pb_PupNoModal(205+1)11,1700,299,1906,325
TCM#25-07-60_e_#TCM-DevicesRollChangeC1Class3,@V3_SMS_Pb_PupNoModal(205+1)5,15,68
TCM#25-07-60_e_#TCM-DevicesRollChangeC1Class3,@V3_SMS_Pb_PupNoModal(205+1)5,1700,229,1906,255
TCM#25-07-60_e_#TCM-DevicesRollChangeC1Class3,@V3_SMS_Pb_PupNoModal(205+1)6,15,33
TCM#25-07-60_e_#TCM-DevicesRollChangeC1Class3,@V3_SMS_Pb_PupNoModal(205+1)6,1700,194,1906,220
TCM#25-07-00_f_#TCM-DevicesRollChangeC1 at 376, 1040, 1190, 40
TCM#25-07-00_f_#TCM-DevicesRollChangeC1,Button8,388,0
TCM#25-07-00_f_#TCM-DevicesRollChangeC1,Button8,939,1201,1068,1241
TCM#25-07-00_f_#TCM-DevicesRollChangeC1,Button1,516,0
TCM#25-07-00_f_#TCM-DevicesRollChangeC1,Button1,1067,1201,1196,1241
TCM#25-07-00_f_#TCM-DevicesRollChangeC1,Button2,644,0
TCM#25-07-00_f_#TCM-DevicesRollChangeC1,Button2,1195,1201,1324,1241
TCM#25-07-00_f_#TCM-DevicesRollChangeC1,Button4,772,0
TCM#25-07-00_f_#TCM-DevicesRollChangeC1,Button4,1323,1201,1452,1241
TCM#25-07-00_f_#TCM-DevicesRollChangeC1,Button9,900,0
TCM#25-07-00_f_#TCM-DevicesRollChangeC1,Button9,1451,1201,1580,1241
TCM#25-07-00_f_#TCM-DevicesRollChangeC1,Button7,132,0
TCM#25-07-00_f_#TCM-DevicesRollChangeC1,Button7,683,1201,812,1241
TCM#25-07-00_f_#TCM-DevicesRollChangeC1,Button5,260,0
TCM#25-07-00_f_#TCM-DevicesRollChangeC1,Button5,811,1201,940,1241
TCM#25-07-00_f_#TCM-DevicesRollChangeC1,Button3,4,0
TCM#25-07-00_f_#TCM-DevicesRollChangeC1,Button3,555,1201,684,1241
popup at 1894, 301
TCM#00-01-10_e_#TCM_Batch at 171, 31, 1362, 86
TCM#25-07-00_n_#TCM-DevicesRollChangeC1 at 175, 0, 1920, 848
TCM#25-07-60_e_#TCM-DevicesRollChangeC1Class3 at 1510, 0, 234, 848
TCM#25-07-60_e_#TCM-DevicesRollChangeC1Class3,@V3_SMS_Pb_PupNoModal(205+1)11,15,138
TCM#25-07-60_e_#TCM-DevicesRollChangeC1Class3,@V3_SMS_Pb_PupNoModal(205+1)11,1700,299,1906,325
TCM#25-07-60_e_#TCM-DevicesRollChangeC1Class3,@V3_SMS_Pb_PupNoModal(205+1)5,15,68
TCM#25-07-60_e_#TCM-DevicesRollChangeC1Class3,@V3_SMS_Pb_PupNoModal(205+1)5,1700,229,1906,255
TCM#25-07-60_e_#TCM-DevicesRollChangeC1Class3,@V3_SMS_Pb_PupNoModal(205+1)6,15,33
TCM#25-07-60_e_#TCM-DevicesRollChangeC1Class3,@V3_SMS_Pb_PupNoModal(205+1)6,1700,194,1906,220
TCM#25-07-00_f_#TCM-DevicesRollChangeC1 at 376, 1040, 1190, 40
TCM#25-07-00_f_#TCM-DevicesRollChangeC1,Button8,388,0
TCM#25-07-00_f_#TCM-DevicesRollChangeC1,Button8,939,1201,1068,1241
TCM#25-07-00_f_#TCM-DevicesRollChangeC1,Button1,516,0
TCM#25-07-00_f_#TCM-DevicesRollChangeC1,Button1,1067,1201,1196,1241
TCM#25-07-00_f_#TCM-DevicesRollChangeC1,Button2,644,0
TCM#25-07-00_f_#TCM-DevicesRollChangeC1,Button2,1195,1201,1324,1241
TCM#25-07-00_f_#TCM-DevicesRollChangeC1,Button4,772,0
TCM#25-07-00_f_#TCM-DevicesRollChangeC1,Button4,1323,1201,1452,1241
TCM#25-07-00_f_#TCM-DevicesRollChangeC1,Button9,900,0
TCM#25-07-00_f_#TCM-DevicesRollChangeC1,Button9,1451,1201,1580,1241
TCM#25-07-00_f_#TCM-DevicesRollChangeC1,Button7,132,0
TCM#25-07-00_f_#TCM-DevicesRollChangeC1,Button7,683,1201,812,1241
TCM#25-07-00_f_#TCM-DevicesRollChangeC1,Button5,260,0
TCM#25-07-00_f_#TCM-DevicesRollChangeC1,Button5,811,1201,940,1241
TCM#25-07-00_f_#TCM-DevicesRollChangeC1,Button3,4,0
TCM#25-07-00_f_#TCM-DevicesRollChangeC1,Button3,555,1201,684,1241
popup at 1894, 301
